[2024-04-03 16:28:12] This is codeql database create java-database --language=java-kotlin --command=ant clean compile
[2024-04-03 16:28:12] Log file was started late.
[2024-04-03 16:28:12] [PROGRESS] database create> Initializing database at C:\Users\32491\Documents\Uni\MA2\Memoire\major-latest\major\example\ant\java-database.
[2024-04-03 16:28:12] Running plumbing command: codeql database init --language=java-kotlin --extractor-options-verbosity=1 --qlconfig-file=C:\Users\32491\Documents\Uni\MA2\Memoire\major-latest\major\example\ant\qlconfig.yml --source-root=C:\Users\32491\Documents\Uni\MA2\Memoire\major-latest\major\example\ant --allow-missing-source-root=false --allow-already-existing -- C:\Users\32491\Documents\Uni\MA2\Memoire\major-latest\major\example\ant\java-database
[2024-04-03 16:28:12] Calling plumbing command: codeql resolve languages --extractor-options-verbosity=1 --format=betterjson
[2024-04-03 16:28:13] [DETAILS] resolve languages> Scanning for [codeql-extractor.yml] from C:\Users\32491\Downloads\codeql\.codeqlmanifest.json
[2024-04-03 16:28:13] [DETAILS] resolve languages> Parsing C:\Users\32491\Downloads\codeql\cpp\codeql-extractor.yml.
[2024-04-03 16:28:13] [DETAILS] resolve languages> Parsing C:\Users\32491\Downloads\codeql\csharp\codeql-extractor.yml.
[2024-04-03 16:28:13] [DETAILS] resolve languages> Parsing C:\Users\32491\Downloads\codeql\csv\codeql-extractor.yml.
[2024-04-03 16:28:13] [DETAILS] resolve languages> Parsing C:\Users\32491\Downloads\codeql\go\codeql-extractor.yml.
[2024-04-03 16:28:13] [DETAILS] resolve languages> Parsing C:\Users\32491\Downloads\codeql\html\codeql-extractor.yml.
[2024-04-03 16:28:13] [DETAILS] resolve languages> Parsing C:\Users\32491\Downloads\codeql\java\codeql-extractor.yml.
[2024-04-03 16:28:13] [DETAILS] resolve languages> Parsing C:\Users\32491\Downloads\codeql\javascript\codeql-extractor.yml.
[2024-04-03 16:28:13] [DETAILS] resolve languages> Parsing C:\Users\32491\Downloads\codeql\properties\codeql-extractor.yml.
[2024-04-03 16:28:13] [DETAILS] resolve languages> Parsing C:\Users\32491\Downloads\codeql\python\codeql-extractor.yml.
[2024-04-03 16:28:13] [DETAILS] resolve languages> Parsing C:\Users\32491\Downloads\codeql\ruby\codeql-extractor.yml.
[2024-04-03 16:28:13] [DETAILS] resolve languages> Parsing C:\Users\32491\Downloads\codeql\swift\codeql-extractor.yml.
[2024-04-03 16:28:13] [DETAILS] resolve languages> Parsing C:\Users\32491\Downloads\codeql\xml\codeql-extractor.yml.
[2024-04-03 16:28:13] [DETAILS] resolve languages> Parsing C:\Users\32491\Downloads\codeql\yaml\codeql-extractor.yml.
[2024-04-03 16:28:13] Plumbing command codeql resolve languages completed:
                      {
                        "aliases" : {
                          "c" : "cpp",
                          "c++" : "cpp",
                          "c-c++" : "cpp",
                          "c-cpp" : "cpp",
                          "c#" : "csharp",
                          "java-kotlin" : "java",
                          "kotlin" : "java",
                          "javascript-typescript" : "javascript",
                          "typescript" : "javascript"
                        },
                        "extractors" : {
                          "cpp" : [
                            {
                              "extractor_root" : "C:\\Users\\32491\\Downloads\\codeql\\cpp",
                              "extractor_options" : { }
                            }
                          ],
                          "csharp" : [
                            {
                              "extractor_root" : "C:\\Users\\32491\\Downloads\\codeql\\csharp",
                              "extractor_options" : {
                                "trap" : {
                                  "title" : "Options pertaining to TRAP.",
                                  "description" : "Options pertaining to TRAP.",
                                  "type" : "object",
                                  "properties" : {
                                    "compression" : {
                                      "title" : "Controls compression for the TRAP files written by the extractor.",
                                      "description" : "This option is only intended for use in debugging the extractor. Accepted values are 'brotli' (the default, to write brotli-compressed TRAP), 'gzip', and 'none' (to write uncompressed TRAP).\n",
                                      "type" : "string",
                                      "pattern" : "^(none|gzip|brotli)$"
                                    }
                                  }
                                },
                                "buildless" : {
                                  "title" : "Whether to use buildless (standalone) extraction.",
                                  "description" : "A value indicating, which type of extraction the autobuilder should perform. If 'true', then the standalone extractor will be used, otherwise tracing extraction will be performed. The default is 'false'. Note that buildless extraction will generally yield less accurate analysis results, and should only be used in cases where it is not possible to build the code (for example if it uses inaccessible dependencies).\n",
                                  "type" : "string",
                                  "pattern" : "^(false|true)$"
                                },
                                "cil" : {
                                  "title" : "Whether to enable CIL extraction.",
                                  "description" : "A value indicating, whether CIL extraction should be enabled. The default is 'true'.\n",
                                  "type" : "string",
                                  "pattern" : "^(false|true)$"
                                },
                                "logging" : {
                                  "title" : "Options pertaining to logging.",
                                  "description" : "Options pertaining to logging.",
                                  "type" : "object",
                                  "properties" : {
                                    "verbosity" : {
                                      "title" : "Extractor logging verbosity level.",
                                      "description" : "Controls the level of verbosity of the extractor. The supported levels are (in order of increasing verbosity):\n  - off\n  - errors\n  - warnings\n  - info or progress\n  - debug or progress+\n  - trace or progress++\n  - progress+++\n",
                                      "type" : "string",
                                      "pattern" : "^(off|errors|warnings|(info|progress)|(debug|progress\\+)|(trace|progress\\+\\+)|progress\\+\\+\\+)$"
                                    }
                                  }
                                }
                              }
                            }
                          ],
                          "csv" : [
                            {
                              "extractor_root" : "C:\\Users\\32491\\Downloads\\codeql\\csv"
                            }
                          ],
                          "go" : [
                            {
                              "extractor_root" : "C:\\Users\\32491\\Downloads\\codeql\\go"
                            }
                          ],
                          "html" : [
                            {
                              "extractor_root" : "C:\\Users\\32491\\Downloads\\codeql\\html"
                            }
                          ],
                          "java" : [
                            {
                              "extractor_root" : "C:\\Users\\32491\\Downloads\\codeql\\java",
                              "extractor_options" : {
                                "exclude" : {
                                  "title" : "A glob excluding files from analysis.",
                                  "description" : "A glob indicating what files to exclude from the analysis.\n",
                                  "type" : "string"
                                },
                                "add_prefer_source" : {
                                  "title" : "Whether to always prefer source files over class files.",
                                  "description" : "A value indicating whether source files should be preferred over class files. If set to 'true', the extraction adds '-Xprefer:source' to the javac command line. If set to 'false', the extraction uses the default javac behavior ('-Xprefer:newer'). The default is 'true'.\n",
                                  "type" : "string",
                                  "pattern" : "^(false|true)$"
                                },
                                "buildless" : {
                                  "title" : "Whether to use buildless (standalone) extraction (experimental).",
                                  "description" : "A value indicating, which type of extraction the autobuilder should perform. If 'true', then the standalone extractor will be used, otherwise tracing extraction will be performed. The default is 'false'. Note that buildless extraction will generally yield less accurate analysis results, and should only be used in cases where it is not possible to build the code (for example if it uses inaccessible dependencies).\n",
                                  "type" : "string",
                                  "pattern" : "^(false|true)$"
                                }
                              }
                            }
                          ],
                          "javascript" : [
                            {
                              "extractor_root" : "C:\\Users\\32491\\Downloads\\codeql\\javascript",
                              "extractor_options" : {
                                "skip_types" : {
                                  "title" : "Skip type extraction for TypeScript",
                                  "description" : "Whether to skip the extraction of types in a TypeScript application",
                                  "type" : "string",
                                  "pattern" : "^(false|true)$"
                                }
                              }
                            }
                          ],
                          "properties" : [
                            {
                              "extractor_root" : "C:\\Users\\32491\\Downloads\\codeql\\properties"
                            }
                          ],
                          "python" : [
                            {
                              "extractor_root" : "C:\\Users\\32491\\Downloads\\codeql\\python",
                              "extractor_options" : {
                                "logging" : {
                                  "title" : "Options pertaining to logging.",
                                  "description" : "Options pertaining to logging.",
                                  "type" : "object",
                                  "properties" : {
                                    "verbosity" : {
                                      "title" : "Python extractor logging verbosity level.",
                                      "description" : "Controls the level of verbosity of the CodeQL Python extractor.\nThe supported levels are (in order of increasing verbosity):\n\n  - off\n  - errors\n  - warnings\n  - info or progress\n  - debug or progress+\n  - trace or progress++\n  - progress+++\n",
                                      "type" : "string",
                                      "pattern" : "^(off|errors|warnings|(info|progress)|(debug|progress\\+)|(trace|progress\\+\\+)|progress\\+\\+\\+)$"
                                    }
                                  }
                                },
                                "python_executable_name" : {
                                  "title" : "Controls the name of the Python executable used by the Python extractor.",
                                  "description" : "The Python extractor uses platform-dependent heuristics to determine the name of the Python executable to use. Specifying a value for this option overrides the name of the Python executable used by the extractor. Accepted values are py, python and python3. Use this setting with caution, the Python extractor requires Python 3 to run.\n",
                                  "type" : "string",
                                  "pattern" : "^(py|python|python3)$"
                                }
                              }
                            }
                          ],
                          "ruby" : [
                            {
                              "extractor_root" : "C:\\Users\\32491\\Downloads\\codeql\\ruby",
                              "extractor_options" : {
                                "trap" : {
                                  "title" : "Options pertaining to TRAP.",
                                  "description" : "Options pertaining to TRAP.",
                                  "type" : "object",
                                  "properties" : {
                                    "compression" : {
                                      "title" : "Controls compression for the TRAP files written by the extractor.",
                                      "description" : "This option is only intended for use in debugging the extractor. Accepted values are 'gzip' (the default, to write gzip-compressed TRAP) and 'none' (to write uncompressed TRAP).\n",
                                      "type" : "string",
                                      "pattern" : "^(none|gzip)$"
                                    }
                                  }
                                }
                              }
                            }
                          ],
                          "swift" : [
                            {
                              "extractor_root" : "C:\\Users\\32491\\Downloads\\codeql\\swift"
                            }
                          ],
                          "xml" : [
                            {
                              "extractor_root" : "C:\\Users\\32491\\Downloads\\codeql\\xml"
                            }
                          ],
                          "yaml" : [
                            {
                              "extractor_root" : "C:\\Users\\32491\\Downloads\\codeql\\yaml"
                            }
                          ]
                        }
                      }
[2024-04-03 16:28:13] [PROGRESS] database init> Calculating baseline information in C:\Users\32491\Documents\Uni\MA2\Memoire\major-latest\major\example\ant
[2024-04-03 16:28:13] [SPAMMY] database init> Ignoring the following directories when processing baseline information: .git, .hg, .svn.
[2024-04-03 16:28:13] [DETAILS] database init> Running command in C:\Users\32491\Documents\Uni\MA2\Memoire\major-latest\major\example\ant: C:\Users\32491\Downloads\codeql\tools\win64\scc.exe --by-file --exclude-dir .git,.hg,.svn --format json --no-large --no-min .
[2024-04-03 16:28:13] [SPAMMY] database init> Found 2 baseline files for java.
[2024-04-03 16:28:13] [PROGRESS] database init> Calculated baseline information for languages: java (221ms).
[2024-04-03 16:28:13] [PROGRESS] database init> Resolving extractor java.
[2024-04-03 16:28:13] [DETAILS] database init> Found candidate extractor root for java: C:\Users\32491\Downloads\codeql\java.
[2024-04-03 16:28:13] [PROGRESS] database init> Successfully loaded extractor Java/Kotlin (java) from C:\Users\32491\Downloads\codeql\java.
[2024-04-03 16:28:13] [PROGRESS] database init> Created skeleton CodeQL database at C:\Users\32491\Documents\Uni\MA2\Memoire\major-latest\major\example\ant\java-database. This in-progress database is ready to be populated by an extractor.
[2024-04-03 16:28:13] Plumbing command codeql database init completed.
[2024-04-03 16:28:13] [PROGRESS] database create> Running build command: [ant, clean, compile]
[2024-04-03 16:28:13] Running plumbing command: codeql database trace-command --working-dir=C:\Users\32491\Documents\Uni\MA2\Memoire\major-latest\major\example\ant --index-traceless-dbs --no-db-cluster -- C:\Users\32491\Documents\Uni\MA2\Memoire\major-latest\major\example\ant\java-database ant clean compile
[2024-04-03 16:28:13] [PROGRESS] database trace-command> Running command in C:\Users\32491\Documents\Uni\MA2\Memoire\major-latest\major\example\ant: [ant, clean, compile]
[2024-04-03 16:28:15] [build-stdout] Buildfile: C:\Users\32491\Documents\Uni\MA2\Memoire\major-latest\major\example\ant\build.xml
[2024-04-03 16:28:15] [build-stdout] clean:
[2024-04-03 16:28:15] [build-stdout]    [delete] Deleting directory C:\Users\32491\Documents\Uni\MA2\Memoire\major-latest\major\example\ant\bin
[2024-04-03 16:28:15] [build-stdout] clean:
[2024-04-03 16:28:15] [build-stdout] compile:
[2024-04-03 16:28:15] [build-stdout]     [mkdir] Created dir: C:\Users\32491\Documents\Uni\MA2\Memoire\major-latest\major\example\ant\bin
[2024-04-03 16:28:15] [build-stdout]     [javac] C:\Users\32491\Documents\Uni\MA2\Memoire\major-latest\major\example\ant\build.xml:18: warning: 'includeantruntime' was not set, defaulting to build.sysclasspath=last; set to false for repeatable builds
[2024-04-03 16:28:15] [build-stdout]     [javac] Compiling 1 source file to C:\Users\32491\Documents\Uni\MA2\Memoire\major-latest\major\example\ant\bin
[2024-04-03 16:28:27] [build-stdout] BUILD SUCCESSFUL
[2024-04-03 16:28:27] [build-stdout] Total time: 12 seconds
[2024-04-03 16:28:27] Plumbing command codeql database trace-command completed.
[2024-04-03 16:28:27] [PROGRESS] database create> Finalizing database at C:\Users\32491\Documents\Uni\MA2\Memoire\major-latest\major\example\ant\java-database.
[2024-04-03 16:28:27] Running plumbing command: codeql database finalize --mode=trim --no-db-cluster -- C:\Users\32491\Documents\Uni\MA2\Memoire\major-latest\major\example\ant\java-database
[2024-04-03 16:28:27] Using pre-finalize script C:\Users\32491\Downloads\codeql\java\tools\pre-finalize.cmd.
[2024-04-03 16:28:27] [PROGRESS] database finalize> Running pre-finalize script C:\Users\32491\Downloads\codeql\java\tools\pre-finalize.cmd in C:\Users\32491\Documents\Uni\MA2\Memoire\major-latest\major\example\ant.
[2024-04-03 16:28:27] Running plumbing command: codeql database trace-command --working-dir=C:\Users\32491\Documents\Uni\MA2\Memoire\major-latest\major\example\ant --no-tracing -- C:\Users\32491\Documents\Uni\MA2\Memoire\major-latest\major\example\ant\java-database C:\Users\32491\Downloads\codeql\java\tools\pre-finalize.cmd
[2024-04-03 16:28:27] [PROGRESS] database trace-command> Running command in C:\Users\32491\Documents\Uni\MA2\Memoire\major-latest\major\example\ant: [C:\Users\32491\Downloads\codeql\java\tools\pre-finalize.cmd]
[2024-04-03 16:28:30] [build-stderr] Scanning for files in C:\Users\32491\Documents\Uni\MA2\Memoire\major-latest\major\example\ant...
[2024-04-03 16:28:30] [build-stderr] C:\Users\32491\Documents\Uni\MA2\Memoire\major-latest\major\example\ant\java-database: Indexing files in in C:\Users\32491\Documents\Uni\MA2\Memoire\major-latest\major\example\ant...
[2024-04-03 16:28:30] [build-stderr] Running command in C:\Users\32491\Documents\Uni\MA2\Memoire\major-latest\major\example\ant: [C:\Users\32491\Downloads\codeql\xml\tools\index-files.cmd, C:\Users\32491\Documents\Uni\MA2\Memoire\major-latest\major\example\ant\java-database\working\files-to-index18363559941384817794.list]
[2024-04-03 16:28:32] [build-stderr] Scanning for files in C:\Users\32491\Documents\Uni\MA2\Memoire\major-latest\major\example\ant...
[2024-04-03 16:28:32] [build-stderr] C:\Users\32491\Documents\Uni\MA2\Memoire\major-latest\major\example\ant\java-database: Indexing files in in C:\Users\32491\Documents\Uni\MA2\Memoire\major-latest\major\example\ant...
[2024-04-03 16:28:33] [build-stderr] Running command in C:\Users\32491\Documents\Uni\MA2\Memoire\major-latest\major\example\ant: [C:\Users\32491\Downloads\codeql\properties\tools\index-files.cmd, C:\Users\32491\Documents\Uni\MA2\Memoire\major-latest\major\example\ant\java-database\working\files-to-index10590622578770198428.list]
[2024-04-03 16:28:33] [build-stdout] [2024-04-03 16:28:33] [build-stdout] [2024-04-03 16:28:33] [ERROR] Error when parsing property file 'C:\Users\32491\Documents\Uni\MA2\Memoire\major-latest\major\example\ant\java-database\log\ext\javac.properties'!
[2024-04-03 16:28:33] [build-stdout] [2024-04-03 16:28:33] [build-stdout]                               com.semmle.util.io.properties.PropertiesReader$ParseException: Unable to parse unicode value: 'sers' @ line 14 column 16
[2024-04-03 16:28:33] [build-stdout] [2024-04-03 16:28:33] [build-stdout]                               	at com.semmle.util.io.properties.PropertiesReader.parseProperty(PropertiesReader.java:321)
[2024-04-03 16:28:33] [build-stdout] [2024-04-03 16:28:33] [build-stdout]                               	at com.semmle.util.io.properties.PropertiesReader.nextProperty(PropertiesReader.java:252)
[2024-04-03 16:28:33] [build-stdout] [2024-04-03 16:28:33] [build-stdout]                               	at com.semmle.cli.PropertiesExtractor.extractFile(PropertiesExtractor.java:39)
[2024-04-03 16:28:33] [build-stdout] [2024-04-03 16:28:33] [build-stdout]                               	at com.semmle.cli.SimpleExtractor.extract(SimpleExtractor.java:154)
[2024-04-03 16:28:33] [build-stdout] [2024-04-03 16:28:33] [build-stdout]                               	at com.semmle.cli.SimpleExtractor.run(SimpleExtractor.java:54)
[2024-04-03 16:28:33] [build-stdout] [2024-04-03 16:28:33] [build-stdout]                               	at com.semmle.cli.PropertiesExtractor.main(PropertiesExtractor.java:22)
[2024-04-03 16:28:33] [build-stdout] [2024-04-03 16:28:33] [build-stdout]                               Caused by: com.semmle.util.io.properties.PropertiesReader$ParseException: Unable to parse unicode value: 'sers'
[2024-04-03 16:28:33] [build-stdout] [2024-04-03 16:28:33] [build-stdout]                               	at com.semmle.util.io.properties.PropertiesReader.unescapeJava(PropertiesReader.java:491)
[2024-04-03 16:28:33] [build-stdout] [2024-04-03 16:28:33] [build-stdout]                               	at com.semmle.util.io.properties.PropertiesReader.unescapePropertyValue(PropertiesReader.java:370)
[2024-04-03 16:28:33] [build-stdout] [2024-04-03 16:28:33] [build-stdout]                               	at com.semmle.util.io.properties.PropertiesReader.initPropertyValue(PropertiesReader.java:359)
[2024-04-03 16:28:33] [build-stdout] [2024-04-03 16:28:33] [build-stdout]                               	at com.semmle.util.io.properties.PropertiesReader.parseProperty(PropertiesReader.java:314)
[2024-04-03 16:28:33] [build-stdout] [2024-04-03 16:28:33] [build-stdout]                               	... 5 common frames omitted
[2024-04-03 16:28:33] [build-stdout] [2024-04-03 16:28:33] [build-stdout]                               Caused by: java.lang.NumberFormatException: For input string: "sers" under radix 16
[2024-04-03 16:28:33] [build-stdout] [2024-04-03 16:28:33] [build-stdout]                               	at java.base/java.lang.NumberFormatException.forInputString(Unknown Source)
[2024-04-03 16:28:33] [build-stdout] [2024-04-03 16:28:33] [build-stdout]                               	at java.base/java.lang.Integer.parseInt(Unknown Source)
[2024-04-03 16:28:33] [build-stdout] [2024-04-03 16:28:33] [build-stdout]                               	at com.semmle.util.io.properties.PropertiesReader.unescapeJava(PropertiesReader.java:485)
[2024-04-03 16:28:33] [build-stdout] [2024-04-03 16:28:33] [build-stdout]                               	... 8 common frames omitted
[2024-04-03 16:28:34] Plumbing command codeql database trace-command completed.
[2024-04-03 16:28:34] [PROGRESS] database finalize> Running TRAP import for CodeQL database at C:\Users\32491\Documents\Uni\MA2\Memoire\major-latest\major\example\ant\java-database...
[2024-04-03 16:28:34] Running plumbing command: codeql dataset import --dbscheme=C:\Users\32491\Downloads\codeql\java\semmlecode.dbscheme -- C:\Users\32491\Documents\Uni\MA2\Memoire\major-latest\major\example\ant\java-database\db-java C:\Users\32491\Documents\Uni\MA2\Memoire\major-latest\major\example\ant\java-database\trap\java
[2024-04-03 16:28:34] Clearing disk cache since the version file C:\Users\32491\Documents\Uni\MA2\Memoire\major-latest\major\example\ant\java-database\db-java\default\cache\version does not exist
[2024-04-03 16:28:34] Tuple pool not found. Clearing relations with cached strings
[2024-04-03 16:28:34] Trimming disk cache at C:\Users\32491\Documents\Uni\MA2\Memoire\major-latest\major\example\ant\java-database\db-java\default\cache in mode clear.
[2024-04-03 16:28:34] Sequence stamp origin is -6200238349575134967
[2024-04-03 16:28:34] Pausing evaluation to hard-clear memory at sequence stamp o+0
[2024-04-03 16:28:34] Unpausing evaluation
[2024-04-03 16:28:34] Pausing evaluation to quickly trim disk at sequence stamp o+1
[2024-04-03 16:28:34] Unpausing evaluation
[2024-04-03 16:28:34] Pausing evaluation to zealously trim disk at sequence stamp o+2
[2024-04-03 16:28:34] Unpausing evaluation
[2024-04-03 16:28:34] Trimming completed (14ms): Purged everything.
[2024-04-03 16:28:34] Scanning for files in C:\Users\32491\Documents\Uni\MA2\Memoire\major-latest\major\example\ant\java-database\trap\java
[2024-04-03 16:28:34] Found 505 TRAP files (1.17 MiB)
[2024-04-03 16:28:34] [PROGRESS] dataset import> Importing TRAP files
[2024-04-03 16:28:35] Importing build.xml.trap.gz (1 of 505)
[2024-04-03 16:28:35] Importing buildMajor.xml.trap.gz (2 of 505)
[2024-04-03 16:28:35] Importing javac.properties.trap.gz (3 of 505)
[2024-04-03 16:28:35] Importing Triangle.java.trap.gz (4 of 505)
[2024-04-03 16:28:35] Importing Closeable.members#52.0-1706587982000-java.trap.gz (5 of 505)
[2024-04-03 16:28:35] Importing DataInput.members#52.0-1706587990000-java.trap.gz (6 of 505)
[2024-04-03 16:28:35] Importing DataOutput.members#52.0-1706587990000-java.trap.gz (7 of 505)
[2024-04-03 16:28:35] Importing DataOutputStream.members#52.0-1706588020000-java.trap.gz (8 of 505)
[2024-04-03 16:28:35] Importing File.members#52.0-1706588008000-java.trap.gz (9 of 505)
[2024-04-03 16:28:35] Importing FileDescriptor.members#52.0-1706587990000-java.trap.gz (10 of 505)
[2024-04-03 16:28:35] Importing FileFilter.members#52.0-1706588036000-java.trap.gz (11 of 505)
[2024-04-03 16:28:35] Importing FileNotFoundException.members#52.0-1706588008000-java.trap.gz (12 of 505)
[2024-04-03 16:28:35] Importing FilenameFilter.members#52.0-1706588036000-java.trap.gz (13 of 505)
[2024-04-03 16:28:35] Importing FilterInputStream.members#52.0-1706588020000-java.trap.gz (14 of 505)
[2024-04-03 16:28:35] Importing FilterOutputStream.members#52.0-1706587990000-java.trap.gz (15 of 505)
[2024-04-03 16:28:35] Importing Flushable.members#52.0-1706587990000-java.trap.gz (16 of 505)
[2024-04-03 16:28:35] Importing IOException.members#52.0-1706587982000-java.trap.gz (17 of 505)
[2024-04-03 16:28:35] Importing InputStream.members#52.0-1706587990000-java.trap.gz (18 of 505)
[2024-04-03 16:28:35] Importing InvalidClassException.members#52.0-1706587998000-java.trap.gz (19 of 505)
[2024-04-03 16:28:35] Importing InvalidObjectException.members#52.0-1706587998000-java.trap.gz (20 of 505)
[2024-04-03 16:28:35] Importing NotActiveException.members#52.0-1706587998000-java.trap.gz (21 of 505)
[2024-04-03 16:28:35] Importing ObjectInput.members#52.0-1706587990000-java.trap.gz (22 of 505)
[2024-04-03 16:28:35] Importing ObjectInputStream$GetField.members#52.0-1706587990000-java.trap.gz (23 of 505)
[2024-04-03 16:28:35] Importing ObjectInputStream.members#52.0-1706587990000-java.trap.gz (24 of 505)
[2024-04-03 16:28:35] Importing ObjectInputValidation.members#52.0-1706587998000-java.trap.gz (25 of 505)
[2024-04-03 16:28:35] Importing ObjectOutput.members#52.0-1706587990000-java.trap.gz (26 of 505)
[2024-04-03 16:28:35] Importing ObjectOutputStream$PutField.members#52.0-1706587990000-java.trap.gz (27 of 505)
[2024-04-03 16:28:35] Importing ObjectOutputStream.members#52.0-1706587990000-java.trap.gz (28 of 505)
[2024-04-03 16:28:35] Importing ObjectStreamClass$ClassDataSlot.members#52.0-1706587984000-java.trap.gz (29 of 505)
[2024-04-03 16:28:35] Importing ObjectStreamClass.members#52.0-1706587990000-java.trap.gz (30 of 505)
[2024-04-03 16:28:35] Importing ObjectStreamConstants.members#52.0-1706587990000-java.trap.gz (31 of 505)
[2024-04-03 16:28:35] Importing ObjectStreamException.members#52.0-1706587998000-java.trap.gz (32 of 505)
[2024-04-03 16:28:35] Importing ObjectStreamField.members#52.0-1706587992000-java.trap.gz (33 of 505)
[2024-04-03 16:28:35] Importing OptionalDataException.members#52.0-1706587998000-java.trap.gz (34 of 505)
[2024-04-03 16:28:35] Importing OutputStream.members#52.0-1706587990000-java.trap.gz (35 of 505)
[2024-04-03 16:28:35] Importing PrintStream.members#52.0-1706587990000-java.trap.gz (36 of 505)
[2024-04-03 16:28:35] Importing PrintWriter.members#52.0-1706587990000-java.trap.gz (37 of 505)
[2024-04-03 16:28:35] Importing Reader.members#52.0-1706588038000-java.trap.gz (38 of 505)
[2024-04-03 16:28:35] Importing Serializable.members#52.0-1706587982000-java.trap.gz (39 of 505)
[2024-04-03 16:28:35] Importing SerializablePermission.members#52.0-1706587998000-java.trap.gz (40 of 505)
[2024-04-03 16:28:35] Importing StreamCorruptedException.members#52.0-1706587998000-java.trap.gz (41 of 505)
[2024-04-03 16:28:35] Importing SyncFailedException.members#52.0-1706587998000-java.trap.gz (42 of 505)
[2024-04-03 16:28:35] Importing UnsupportedEncodingException.members#52.0-1706587996000-java.trap.gz (43 of 505)
[2024-04-03 16:28:35] Importing Writer.members#52.0-1706587990000-java.trap.gz (44 of 505)
[2024-04-03 16:28:35] Importing AbstractStringBuilder.members#52.0-1706587984000-java.trap.gz (45 of 505)
[2024-04-03 16:28:35] Importing Appendable.members#52.0-1706587984000-java.trap.gz (46 of 505)
[2024-04-03 16:28:35] Importing AutoCloseable.members#52.0-1706587982000-java.trap.gz (47 of 505)
[2024-04-03 16:28:35] Importing Boolean.members#52.0-1706588020000-java.trap.gz (48 of 505)
[2024-04-03 16:28:35] Importing CharSequence.members#52.0-1706587984000-java.trap.gz (49 of 505)
[2024-04-03 16:28:35] Importing Character.members#52.0-1706588020000-java.trap.gz (50 of 505)
[2024-04-03 16:28:35] Importing Class.members#52.0-1706587984000-java.trap.gz (51 of 505)
[2024-04-03 16:28:35] Importing ClassFormatError.members#52.0-1706588020000-java.trap.gz (52 of 505)
[2024-04-03 16:28:35] Importing ClassLoader.members#52.0-1706587990000-java.trap.gz (53 of 505)
[2024-04-03 16:28:35] Importing ClassNotFoundException.members#52.0-1706587990000-java.trap.gz (54 of 505)
[2024-04-03 16:28:35] Importing ClassValue$ClassValueMap.members#52.0-1706587996000-java.trap.gz (55 of 505)
[2024-04-03 16:28:35] Importing ClassValue$Entry.members#52.0-1706587996000-java.trap.gz (56 of 505)
[2024-04-03 16:28:35] Importing ClassValue$Identity.members#52.0-1706587996000-java.trap.gz (57 of 505)
[2024-04-03 16:28:35] Importing ClassValue$Version.members#52.0-1706587996000-java.trap.gz (58 of 505)
[2024-04-03 16:28:35] Importing ClassValue.members#52.0-1706587996000-java.trap.gz (59 of 505)
[2024-04-03 16:28:35] Importing CloneNotSupportedException.members#52.0-1706587984000-java.trap.gz (60 of 505)
[2024-04-03 16:28:35] Importing Cloneable.members#52.0-1706587990000-java.trap.gz (61 of 505)
[2024-04-03 16:28:35] Importing Comparable.members#52.0-1706587984000-java.trap.gz (62 of 505)
[2024-04-03 16:28:35] Importing Deprecated.members#52.0-1706588114000-java.trap.gz (63 of 505)
[2024-04-03 16:28:35] Importing Double.members#52.0-1706588020000-java.trap.gz (64 of 505)
[2024-04-03 16:28:35] Importing Enum.members#52.0-1706587998000-java.trap.gz (65 of 505)
[2024-04-03 16:28:35] Importing Error.members#52.0-1706588020000-java.trap.gz (66 of 505)
[2024-04-03 16:28:35] Importing Exception.members#52.0-1706587982000-java.trap.gz (67 of 505)
[2024-04-03 16:28:35] Importing FunctionalInterface.members#52.0-1706587990000-java.trap.gz (68 of 505)
[2024-04-03 16:28:35] Importing IllegalAccessException.members#52.0-1706587984000-java.trap.gz (69 of 505)
[2024-04-03 16:28:35] Importing IllegalArgumentException.members#52.0-1706587984000-java.trap.gz (70 of 505)
[2024-04-03 16:28:35] Importing InstantiationException.members#52.0-1706587984000-java.trap.gz (71 of 505)
[2024-04-03 16:28:35] Importing Integer.members#52.0-1706587998000-java.trap.gz (72 of 505)
[2024-04-03 16:28:35] Importing InterruptedException.members#52.0-1706587984000-java.trap.gz (73 of 505)
[2024-04-03 16:28:35] Importing Iterable.members#52.0-1706587990000-java.trap.gz (74 of 505)
[2024-04-03 16:28:35] Importing LinkageError.members#52.0-1706588020000-java.trap.gz (75 of 505)
[2024-04-03 16:28:35] Importing Long.members#52.0-1706587998000-java.trap.gz (76 of 505)
[2024-04-03 16:28:35] Importing NoSuchFieldException.members#52.0-1706587990000-java.trap.gz (77 of 505)
[2024-04-03 16:28:35] Importing NoSuchMethodException.members#52.0-1706587990000-java.trap.gz (78 of 505)
[2024-04-03 16:28:35] Importing Number.members#52.0-1706587998000-java.trap.gz (79 of 505)
[2024-04-03 16:28:35] Importing NumberFormatException.members#52.0-1706588020000-java.trap.gz (80 of 505)
[2024-04-03 16:28:35] Importing Object.members#52.0-1706587980000-java.trap.gz (81 of 505)
[2024-04-03 16:28:35] Importing Package.members#52.0-1706587990000-java.trap.gz (82 of 505)
[2024-04-03 16:28:35] Importing Readable.members#52.0-1706588008000-java.trap.gz (83 of 505)
[2024-04-03 16:28:35] Importing ReflectiveOperationException.members#52.0-1706587984000-java.trap.gz (84 of 505)
[2024-04-03 16:28:35] Importing Runnable.members#52.0-1706587990000-java.trap.gz (85 of 505)
[2024-04-03 16:28:35] Importing RuntimeException.members#52.0-1706587984000-java.trap.gz (86 of 505)
[2024-04-03 16:28:35] Importing SafeVarargs.members#52.0-1706588142000-java.trap.gz (87 of 505)
[2024-04-03 16:28:35] Importing SecurityException.members#52.0-1706587984000-java.trap.gz (88 of 505)
[2024-04-03 16:28:35] Importing StackTraceElement.members#52.0-1706587990000-java.trap.gz (89 of 505)
[2024-04-03 16:28:35] Importing String.members#52.0-1706587984000-java.trap.gz (90 of 505)
[2024-04-03 16:28:35] Importing StringBuffer.members#52.0-1706587996000-java.trap.gz (91 of 505)
[2024-04-03 16:28:35] Importing StringBuilder.members#52.0-1706587984000-java.trap.gz (92 of 505)
[2024-04-03 16:28:35] Importing Thread$State.members#52.0-1706587990000-java.trap.gz (93 of 505)
[2024-04-03 16:28:35] Importing Thread$UncaughtExceptionHandler.members#52.0-1706587990000-java.trap.gz (94 of 505)
[2024-04-03 16:28:35] Importing Thread.members#52.0-1706587990000-java.trap.gz (95 of 505)
[2024-04-03 16:28:35] Importing ThreadGroup.members#52.0-1706588010000-java.trap.gz (96 of 505)
[2024-04-03 16:28:35] Importing ThreadLocal$ThreadLocalMap.members#52.0-1706588010000-java.trap.gz (97 of 505)
[2024-04-03 16:28:35] Importing ThreadLocal.members#52.0-1706588010000-java.trap.gz (98 of 505)
[2024-04-03 16:28:35] Importing Throwable.members#52.0-1706587982000-java.trap.gz (99 of 505)
[2024-04-03 16:28:35] Importing TypeNotPresentException.members#52.0-1706588038000-java.trap.gz (100 of 505)
[2024-04-03 16:28:35] Importing UnsupportedOperationException.members#52.0-1706587998000-java.trap.gz (101 of 505)
[2024-04-03 16:28:36] Importing Annotation.members#52.0-1706587984000-java.trap.gz (102 of 505)
[2024-04-03 16:28:36] Importing Documented.members#52.0-1706587990000-java.trap.gz (103 of 505)
[2024-04-03 16:28:36] Importing ElementType.members#52.0-1706588010000-java.trap.gz (104 of 505)
[2024-04-03 16:28:36] Importing Retention.members#52.0-1706587990000-java.trap.gz (105 of 505)
[2024-04-03 16:28:36] Importing RetentionPolicy.members#52.0-1706588010000-java.trap.gz (106 of 505)
[2024-04-03 16:28:36] Importing Target.members#52.0-1706587990000-java.trap.gz (107 of 505)
[2024-04-03 16:28:36] Importing BoundMethodHandle$SpeciesData.members#52.0-1706588026000-java.trap.gz (108 of 505)
[2024-04-03 16:28:36] Importing BoundMethodHandle.members#52.0-1706588026000-java.trap.gz (109 of 505)
[2024-04-03 16:28:36] Importing DontInline.members#52.0-1706588142000-java.trap.gz (110 of 505)
[2024-04-03 16:28:36] Importing ForceInline.members#52.0-1706588142000-java.trap.gz (111 of 505)
[2024-04-03 16:28:36] Importing Invokers.members#52.0-1706588038000-java.trap.gz (112 of 505)
[2024-04-03 16:28:36] Importing LambdaForm$BasicType.members#52.0-1706588026000-java.trap.gz (113 of 505)
[2024-04-03 16:28:36] Importing LambdaForm$Hidden.members#52.0-1706588026000-java.trap.gz (114 of 505)
[2024-04-03 16:28:36] Importing LambdaForm$Name.members#52.0-1706588026000-java.trap.gz (115 of 505)
[2024-04-03 16:28:36] Importing LambdaForm$NamedFunction.members#52.0-1706588026000-java.trap.gz (116 of 505)
[2024-04-03 16:28:36] Importing LambdaForm.members#52.0-1706588026000-java.trap.gz (117 of 505)
[2024-04-03 16:28:36] Importing LambdaFormEditor.members#52.0-1706588038000-java.trap.gz (118 of 505)
[2024-04-03 16:28:36] Importing MemberName$Factory.members#52.0-1706588026000-java.trap.gz (119 of 505)
[2024-04-03 16:28:36] Importing MemberName.members#52.0-1706588026000-java.trap.gz (120 of 505)
[2024-04-03 16:28:36] Importing MethodHandle$PolymorphicSignature.members#52.0-1706587998000-java.trap.gz (121 of 505)
[2024-04-03 16:28:36] Importing MethodHandle.members#52.0-1706587998000-java.trap.gz (122 of 505)
[2024-04-03 16:28:36] Importing MethodHandleImpl$Intrinsic.members#52.0-1706588026000-java.trap.gz (123 of 505)
[2024-04-03 16:28:36] Importing MethodHandleImpl.members#52.0-1706588026000-java.trap.gz (124 of 505)
[2024-04-03 16:28:36] Importing MethodType$ConcurrentWeakInternSet.members#52.0-1706588026000-java.trap.gz (125 of 505)
[2024-04-03 16:28:36] Importing MethodType.members#52.0-1706588026000-java.trap.gz (126 of 505)
[2024-04-03 16:28:36] Importing MethodTypeForm.members#52.0-1706588038000-java.trap.gz (127 of 505)
[2024-04-03 16:28:36] Importing Stable.members#52.0-1706588142000-java.trap.gz (128 of 505)
[2024-04-03 16:28:36] Importing WrongMethodTypeException.members#52.0-1706588040000-java.trap.gz (129 of 505)
[2024-04-03 16:28:36] Importing Reference.members#52.0-1706587990000-java.trap.gz (130 of 505)
[2024-04-03 16:28:36] Importing ReferenceQueue.members#52.0-1706587998000-java.trap.gz (131 of 505)
[2024-04-03 16:28:36] Importing SoftReference.members#52.0-1706587990000-java.trap.gz (132 of 505)
[2024-04-03 16:28:36] Importing WeakReference.members#52.0-1706587996000-java.trap.gz (133 of 505)
[2024-04-03 16:28:36] Importing AccessibleObject.members#52.0-1706587980000-java.trap.gz (134 of 505)
[2024-04-03 16:28:36] Importing AnnotatedElement.members#52.0-1706587982000-java.trap.gz (135 of 505)
[2024-04-03 16:28:36] Importing AnnotatedType.members#52.0-1706587984000-java.trap.gz (136 of 505)
[2024-04-03 16:28:36] Importing Constructor.members#52.0-1706587980000-java.trap.gz (137 of 505)
[2024-04-03 16:28:36] Importing Executable.members#52.0-1706587980000-java.trap.gz (138 of 505)
[2024-04-03 16:28:36] Importing Field.members#52.0-1706587990000-java.trap.gz (139 of 505)
[2024-04-03 16:28:36] Importing GenericDeclaration.members#52.0-1706587982000-java.trap.gz (140 of 505)
[2024-04-03 16:28:36] Importing InvocationTargetException.members#52.0-1706587984000-java.trap.gz (141 of 505)
[2024-04-03 16:28:36] Importing Member.members#52.0-1706587982000-java.trap.gz (142 of 505)
[2024-04-03 16:28:36] Importing Method.members#52.0-1706587990000-java.trap.gz (143 of 505)
[2024-04-03 16:28:36] Importing Parameter.members#52.0-1706587984000-java.trap.gz (144 of 505)
[2024-04-03 16:28:36] Importing ParameterizedType.members#52.0-1706587998000-java.trap.gz (145 of 505)
[2024-04-03 16:28:36] Importing Type.members#52.0-1706587984000-java.trap.gz (146 of 505)
[2024-04-03 16:28:36] Importing TypeVariable.members#52.0-1706587984000-java.trap.gz (147 of 505)
[2024-04-03 16:28:36] Importing WildcardType.members#52.0-1706587998000-java.trap.gz (148 of 505)
[2024-04-03 16:28:36] Importing BigInteger.members#52.0-1706588028000-java.trap.gz (149 of 505)
[2024-04-03 16:28:36] Importing ContentHandler.members#52.0-1706588038000-java.trap.gz (150 of 505)
[2024-04-03 16:28:36] Importing ContentHandlerFactory.members#52.0-1706588038000-java.trap.gz (151 of 505)
[2024-04-03 16:28:36] Importing FileNameMap.members#52.0-1706588038000-java.trap.gz (152 of 505)
[2024-04-03 16:28:36] Importing InetAddress$InetAddressHolder.members#52.0-1706587990000-java.trap.gz (153 of 505)
[2024-04-03 16:28:36] Importing InetAddress.members#52.0-1706587990000-java.trap.gz (154 of 505)
[2024-04-03 16:28:36] Importing InetAddressImpl.members#52.0-1706587998000-java.trap.gz (155 of 505)
[2024-04-03 16:28:36] Importing InterfaceAddress.members#52.0-1706588026000-java.trap.gz (156 of 505)
[2024-04-03 16:28:36] Importing MalformedURLException.members#52.0-1706588020000-java.trap.gz (157 of 505)
[2024-04-03 16:28:36] Importing NetworkInterface.members#52.0-1706587998000-java.trap.gz (158 of 505)
[2024-04-03 16:28:36] Importing Proxy$Type.members#52.0-1706587990000-java.trap.gz (159 of 505)
[2024-04-03 16:28:36] Importing Proxy.members#52.0-1706587990000-java.trap.gz (160 of 505)
[2024-04-03 16:28:36] Importing SocketAddress.members#52.0-1706587990000-java.trap.gz (161 of 505)
[2024-04-03 16:28:36] Importing SocketException.members#52.0-1706587990000-java.trap.gz (162 of 505)
[2024-04-03 16:28:36] Importing URI.members#52.0-1706588020000-java.trap.gz (163 of 505)
[2024-04-03 16:28:36] Importing URISyntaxException.members#52.0-1706588020000-java.trap.gz (164 of 505)
[2024-04-03 16:28:36] Importing URL.members#52.0-1706587990000-java.trap.gz (165 of 505)
[2024-04-03 16:28:36] Importing URLConnection.members#52.0-1706588020000-java.trap.gz (166 of 505)
[2024-04-03 16:28:36] Importing URLStreamHandler.members#52.0-1706588020000-java.trap.gz (167 of 505)
[2024-04-03 16:28:36] Importing URLStreamHandlerFactory.members#52.0-1706588020000-java.trap.gz (168 of 505)
[2024-04-03 16:28:36] Importing UnknownHostException.members#52.0-1706587990000-java.trap.gz (169 of 505)
[2024-04-03 16:28:36] Importing UnknownServiceException.members#52.0-1706588038000-java.trap.gz (170 of 505)
[2024-04-03 16:28:36] Importing Buffer.members#52.0-1706587990000-java.trap.gz (171 of 505)
[2024-04-03 16:28:36] Importing ByteBuffer.members#52.0-1706587990000-java.trap.gz (172 of 505)
[2024-04-03 16:28:36] Importing ByteOrder.members#52.0-1706588008000-java.trap.gz (173 of 505)
[2024-04-03 16:28:36] Importing CharBuffer.members#52.0-1706588008000-java.trap.gz (174 of 505)
[2024-04-03 16:28:36] Importing DoubleBuffer.members#52.0-1706588010000-java.trap.gz (175 of 505)
[2024-04-03 16:28:36] Importing FloatBuffer.members#52.0-1706588010000-java.trap.gz (176 of 505)
[2024-04-03 16:28:36] Importing IntBuffer.members#52.0-1706588008000-java.trap.gz (177 of 505)
[2024-04-03 16:28:36] Importing LongBuffer.members#52.0-1706588008000-java.trap.gz (178 of 505)
[2024-04-03 16:28:36] Importing MappedByteBuffer.members#52.0-1706588052000-java.trap.gz (179 of 505)
[2024-04-03 16:28:36] Importing ShortBuffer.members#52.0-1706588008000-java.trap.gz (180 of 505)
[2024-04-03 16:28:36] Importing AsynchronousChannel.members#52.0-1706588050000-java.trap.gz (181 of 505)
[2024-04-03 16:28:36] Importing AsynchronousCloseException.members#52.0-1706587990000-java.trap.gz (182 of 505)
[2024-04-03 16:28:36] Importing AsynchronousFileChannel.members#52.0-1706588050000-java.trap.gz (183 of 505)
[2024-04-03 16:28:36] Importing ByteChannel.members#52.0-1706587984000-java.trap.gz (184 of 505)
[2024-04-03 16:28:36] Importing Channel.members#52.0-1706587984000-java.trap.gz (185 of 505)
[2024-04-03 16:28:36] Importing ClosedChannelException.members#52.0-1706587990000-java.trap.gz (186 of 505)
[2024-04-03 16:28:36] Importing CompletionHandler.members#52.0-1706588052000-java.trap.gz (187 of 505)
[2024-04-03 16:28:36] Importing FileChannel$MapMode.members#52.0-1706588050000-java.trap.gz (188 of 505)
[2024-04-03 16:28:36] Importing FileChannel.members#52.0-1706588050000-java.trap.gz (189 of 505)
[2024-04-03 16:28:36] Importing FileLock.members#52.0-1706588052000-java.trap.gz (190 of 505)
[2024-04-03 16:28:36] Importing GatheringByteChannel.members#52.0-1706587984000-java.trap.gz (191 of 505)
[2024-04-03 16:28:36] Importing InterruptibleChannel.members#52.0-1706587984000-java.trap.gz (192 of 505)
[2024-04-03 16:28:36] Importing ReadableByteChannel.members#52.0-1706587984000-java.trap.gz (193 of 505)
[2024-04-03 16:28:36] Importing ScatteringByteChannel.members#52.0-1706587984000-java.trap.gz (194 of 505)
[2024-04-03 16:28:36] Importing SeekableByteChannel.members#52.0-1706588050000-java.trap.gz (195 of 505)
[2024-04-03 16:28:36] Importing WritableByteChannel.members#52.0-1706587984000-java.trap.gz (196 of 505)
[2024-04-03 16:28:36] Importing AbstractInterruptibleChannel.members#52.0-1706587984000-java.trap.gz (197 of 505)
[2024-04-03 16:28:36] Importing CharacterCodingException.members#52.0-1706588038000-java.trap.gz (198 of 505)
[2024-04-03 16:28:36] Importing Charset.members#52.0-1706587996000-java.trap.gz (199 of 505)
[2024-04-03 16:28:36] Importing CharsetDecoder.members#52.0-1706588020000-java.trap.gz (200 of 505)
[2024-04-03 16:28:36] Importing CharsetEncoder.members#52.0-1706588020000-java.trap.gz (201 of 505)
[2024-04-03 16:28:36] Importing CoderResult.members#52.0-1706588038000-java.trap.gz (202 of 505)
[2024-04-03 16:28:36] Importing CodingErrorAction.members#52.0-1706588038000-java.trap.gz (203 of 505)
[2024-04-03 16:28:36] Importing AccessMode.members#52.0-1706588050000-java.trap.gz (204 of 505)
[2024-04-03 16:28:36] Importing CopyOption.members#52.0-1706588038000-java.trap.gz (205 of 505)
[2024-04-03 16:28:36] Importing DirectoryStream$Filter.members#52.0-1706588050000-java.trap.gz (206 of 505)
[2024-04-03 16:28:36] Importing DirectoryStream.members#52.0-1706588050000-java.trap.gz (207 of 505)
[2024-04-03 16:28:36] Importing FileStore.members#52.0-1706588050000-java.trap.gz (208 of 505)
[2024-04-03 16:28:36] Importing FileSystem.members#52.0-1706588038000-java.trap.gz (209 of 505)
[2024-04-03 16:28:36] Importing LinkOption.members#52.0-1706588038000-java.trap.gz (210 of 505)
[2024-04-03 16:28:36] Importing OpenOption.members#52.0-1706588038000-java.trap.gz (211 of 505)
[2024-04-03 16:28:36] Importing Path.members#52.0-1706588036000-java.trap.gz (212 of 505)
[2024-04-03 16:28:36] Importing PathMatcher.members#52.0-1706588050000-java.trap.gz (213 of 505)
[2024-04-03 16:28:36] Importing WatchEvent$Kind.members#52.0-1706588038000-java.trap.gz (214 of 505)
[2024-04-03 16:28:36] Importing WatchEvent$Modifier.members#52.0-1706588038000-java.trap.gz (215 of 505)
[2024-04-03 16:28:36] Importing WatchEvent.members#52.0-1706588038000-java.trap.gz (216 of 505)
[2024-04-03 16:28:36] Importing WatchKey.members#52.0-1706588038000-java.trap.gz (217 of 505)
[2024-04-03 16:28:36] Importing WatchService.members#52.0-1706588038000-java.trap.gz (218 of 505)
[2024-04-03 16:28:36] Importing Watchable.members#52.0-1706588036000-java.trap.gz (219 of 505)
[2024-04-03 16:28:36] Importing AttributeView.members#52.0-1706588050000-java.trap.gz (220 of 505)
[2024-04-03 16:28:36] Importing BasicFileAttributes.members#52.0-1706588050000-java.trap.gz (221 of 505)
[2024-04-03 16:28:36] Importing FileAttribute.members#52.0-1706588050000-java.trap.gz (222 of 505)
[2024-04-03 16:28:36] Importing FileAttributeView.members#52.0-1706588050000-java.trap.gz (223 of 505)
[2024-04-03 16:28:36] Importing FileStoreAttributeView.members#52.0-1706588050000-java.trap.gz (224 of 505)
[2024-04-03 16:28:36] Importing FileTime.members#52.0-1706588050000-java.trap.gz (225 of 505)
[2024-04-03 16:28:36] Importing GroupPrincipal.members#52.0-1706588050000-java.trap.gz (226 of 505)
[2024-04-03 16:28:36] Importing UserPrincipal.members#52.0-1706588050000-java.trap.gz (227 of 505)
[2024-04-03 16:28:36] Importing UserPrincipalLookupService.members#52.0-1706588050000-java.trap.gz (228 of 505)
[2024-04-03 16:28:36] Importing FileSystemProvider.members#52.0-1706588050000-java.trap.gz (229 of 505)
[2024-04-03 16:28:36] Importing AccessControlContext.members#52.0-1706588010000-java.trap.gz (230 of 505)
[2024-04-03 16:28:36] Importing AccessControlException.members#52.0-1706588036000-java.trap.gz (231 of 505)
[2024-04-03 16:28:36] Importing BasicPermission.members#52.0-1706587998000-java.trap.gz (232 of 505)
[2024-04-03 16:28:36] Importing CodeSigner.members#52.0-1706588036000-java.trap.gz (233 of 505)
[2024-04-03 16:28:36] Importing CodeSource.members#52.0-1706588020000-java.trap.gz (234 of 505)
[2024-04-03 16:28:36] Importing DigestException.members#52.0-1706588052000-java.trap.gz (235 of 505)
[2024-04-03 16:28:36] Importing DomainCombiner.members#52.0-1706588036000-java.trap.gz (236 of 505)
[2024-04-03 16:28:36] Importing GeneralSecurityException.members#52.0-1706588036000-java.trap.gz (237 of 505)
[2024-04-03 16:28:36] Importing Guard.members#52.0-1706587984000-java.trap.gz (238 of 505)
[2024-04-03 16:28:36] Importing InvalidKeyException.members#52.0-1706588036000-java.trap.gz (239 of 505)
[2024-04-03 16:28:36] Importing Key.members#52.0-1706588036000-java.trap.gz (240 of 505)
[2024-04-03 16:28:36] Importing KeyException.members#52.0-1706588036000-java.trap.gz (241 of 505)
[2024-04-03 16:28:36] Importing MessageDigest.members#52.0-1706588050000-java.trap.gz (242 of 505)
[2024-04-03 16:28:36] Importing MessageDigestSpi.members#52.0-1706588050000-java.trap.gz (243 of 505)
[2024-04-03 16:28:36] Importing NoSuchAlgorithmException.members#52.0-1706588036000-java.trap.gz (244 of 505)
[2024-04-03 16:28:36] Importing NoSuchProviderException.members#52.0-1706588036000-java.trap.gz (245 of 505)
[2024-04-03 16:28:36] Importing Permission.members#52.0-1706587984000-java.trap.gz (246 of 505)
[2024-04-03 16:28:36] Importing PermissionCollection.members#52.0-1706587998000-java.trap.gz (247 of 505)
[2024-04-03 16:28:36] Importing Principal.members#52.0-1706588020000-java.trap.gz (248 of 505)
[2024-04-03 16:28:36] Importing PrivilegedAction.members#52.0-1706588040000-java.trap.gz (249 of 505)
[2024-04-03 16:28:36] Importing PrivilegedActionException.members#52.0-1706588040000-java.trap.gz (250 of 505)
[2024-04-03 16:28:36] Importing PrivilegedExceptionAction.members#52.0-1706588040000-java.trap.gz (251 of 505)
[2024-04-03 16:28:36] Importing ProtectionDomain$Key.members#52.0-1706587990000-java.trap.gz (252 of 505)
[2024-04-03 16:28:36] Importing ProtectionDomain.members#52.0-1706587990000-java.trap.gz (253 of 505)
[2024-04-03 16:28:36] Importing Provider$Service.members#52.0-1706588036000-java.trap.gz (254 of 505)
[2024-04-03 16:28:36] Importing Provider.members#52.0-1706588036000-java.trap.gz (255 of 505)
[2024-04-03 16:28:36] Importing PublicKey.members#52.0-1706588036000-java.trap.gz (256 of 505)
[2024-04-03 16:28:36] Importing SignatureException.members#52.0-1706588036000-java.trap.gz (257 of 505)
[2024-04-03 16:28:36] Importing Timestamp.members#52.0-1706588038000-java.trap.gz (258 of 505)
[2024-04-03 16:28:37] Importing CertPath.members#52.0-1706588038000-java.trap.gz (259 of 505)
[2024-04-03 16:28:37] Importing Certificate.members#52.0-1706588020000-java.trap.gz (260 of 505)
[2024-04-03 16:28:37] Importing CertificateEncodingException.members#52.0-1706588036000-java.trap.gz (261 of 505)
[2024-04-03 16:28:37] Importing CertificateException.members#52.0-1706588036000-java.trap.gz (262 of 505)
[2024-04-03 16:28:37] Importing AttributedCharacterIterator$Attribute.members#52.0-1706588038000-java.trap.gz (263 of 505)
[2024-04-03 16:28:37] Importing AttributedCharacterIterator.members#52.0-1706588038000-java.trap.gz (264 of 505)
[2024-04-03 16:28:37] Importing CharacterIterator.members#52.0-1706588038000-java.trap.gz (265 of 505)
[2024-04-03 16:28:37] Importing FieldPosition.members#52.0-1706588038000-java.trap.gz (266 of 505)
[2024-04-03 16:28:37] Importing Format$Field.members#52.0-1706588020000-java.trap.gz (267 of 505)
[2024-04-03 16:28:37] Importing Format$FieldDelegate.members#52.0-1706588020000-java.trap.gz (268 of 505)
[2024-04-03 16:28:37] Importing Format.members#52.0-1706588020000-java.trap.gz (269 of 505)
[2024-04-03 16:28:37] Importing ParseException.members#52.0-1706588038000-java.trap.gz (270 of 505)
[2024-04-03 16:28:37] Importing ParsePosition.members#52.0-1706588038000-java.trap.gz (271 of 505)
[2024-04-03 16:28:37] Importing Clock.members#52.0-1706588052000-java.trap.gz (272 of 505)
[2024-04-03 16:28:37] Importing DayOfWeek.members#52.0-1706588062000-java.trap.gz (273 of 505)
[2024-04-03 16:28:37] Importing Duration.members#52.0-1706588058000-java.trap.gz (274 of 505)
[2024-04-03 16:28:37] Importing Instant.members#52.0-1706588050000-java.trap.gz (275 of 505)
[2024-04-03 16:28:37] Importing LocalDate.members#52.0-1706588054000-java.trap.gz (276 of 505)
[2024-04-03 16:28:37] Importing LocalDateTime.members#52.0-1706588058000-java.trap.gz (277 of 505)
[2024-04-03 16:28:37] Importing LocalTime.members#52.0-1706588050000-java.trap.gz (278 of 505)
[2024-04-03 16:28:37] Importing Month.members#52.0-1706588060000-java.trap.gz (279 of 505)
[2024-04-03 16:28:37] Importing OffsetDateTime.members#52.0-1706588052000-java.trap.gz (280 of 505)
[2024-04-03 16:28:37] Importing OffsetTime.members#52.0-1706588058000-java.trap.gz (281 of 505)
[2024-04-03 16:28:37] Importing Period.members#52.0-1706588062000-java.trap.gz (282 of 505)
[2024-04-03 16:28:37] Importing ZoneId.members#52.0-1706588052000-java.trap.gz (283 of 505)
[2024-04-03 16:28:37] Importing ZoneOffset.members#52.0-1706588052000-java.trap.gz (284 of 505)
[2024-04-03 16:28:37] Importing ZonedDateTime.members#52.0-1706588052000-java.trap.gz (285 of 505)
[2024-04-03 16:28:37] Importing AbstractChronology.members#52.0-1706588062000-java.trap.gz (286 of 505)
[2024-04-03 16:28:37] Importing ChronoLocalDate.members#52.0-1706588052000-java.trap.gz (287 of 505)
[2024-04-03 16:28:37] Importing ChronoLocalDateTime.members#52.0-1706588058000-java.trap.gz (288 of 505)
[2024-04-03 16:28:37] Importing ChronoPeriod.members#52.0-1706588062000-java.trap.gz (289 of 505)
[2024-04-03 16:28:37] Importing ChronoZonedDateTime.members#52.0-1706588052000-java.trap.gz (290 of 505)
[2024-04-03 16:28:37] Importing Chronology.members#52.0-1706588062000-java.trap.gz (291 of 505)
[2024-04-03 16:28:37] Importing Era.members#52.0-1706588062000-java.trap.gz (292 of 505)
[2024-04-03 16:28:37] Importing IsoChronology.members#52.0-1706588062000-java.trap.gz (293 of 505)
[2024-04-03 16:28:37] Importing IsoEra.members#52.0-1706588062000-java.trap.gz (294 of 505)
[2024-04-03 16:28:37] Importing DateTimeFormatter.members#52.0-1706588058000-java.trap.gz (295 of 505)
[2024-04-03 16:28:37] Importing DateTimeFormatterBuilder$CompositePrinterParser.members#52.0-1706588058000-java.trap.gz (296 of 505)
[2024-04-03 16:28:37] Importing DateTimeFormatterBuilder$DateTimePrinterParser.members#52.0-1706588058000-java.trap.gz (297 of 505)
[2024-04-03 16:28:37] Importing DateTimeFormatterBuilder.members#52.0-1706588058000-java.trap.gz (298 of 505)
[2024-04-03 16:28:37] Importing DateTimeParseContext.members#52.0-1706588062000-java.trap.gz (299 of 505)
[2024-04-03 16:28:37] Importing DateTimePrintContext.members#52.0-1706588062000-java.trap.gz (300 of 505)
[2024-04-03 16:28:37] Importing DecimalStyle.members#52.0-1706588062000-java.trap.gz (301 of 505)
[2024-04-03 16:28:37] Importing FormatStyle.members#52.0-1706588062000-java.trap.gz (302 of 505)
[2024-04-03 16:28:37] Importing Parsed.members#52.0-1706588062000-java.trap.gz (303 of 505)
[2024-04-03 16:28:37] Importing ResolverStyle.members#52.0-1706588058000-java.trap.gz (304 of 505)
[2024-04-03 16:28:37] Importing SignStyle.members#52.0-1706588062000-java.trap.gz (305 of 505)
[2024-04-03 16:28:37] Importing TextStyle.members#52.0-1706588060000-java.trap.gz (306 of 505)
[2024-04-03 16:28:37] Importing ChronoField.members#52.0-1706588050000-java.trap.gz (307 of 505)
[2024-04-03 16:28:37] Importing Temporal.members#52.0-1706588050000-java.trap.gz (308 of 505)
[2024-04-03 16:28:37] Importing TemporalAccessor.members#52.0-1706588050000-java.trap.gz (309 of 505)
[2024-04-03 16:28:37] Importing TemporalAdjuster.members#52.0-1706588050000-java.trap.gz (310 of 505)
[2024-04-03 16:28:37] Importing TemporalAmount.members#52.0-1706588052000-java.trap.gz (311 of 505)
[2024-04-03 16:28:37] Importing TemporalField.members#52.0-1706588050000-java.trap.gz (312 of 505)
[2024-04-03 16:28:37] Importing TemporalQuery.members#52.0-1706588052000-java.trap.gz (313 of 505)
[2024-04-03 16:28:37] Importing TemporalUnit.members#52.0-1706588050000-java.trap.gz (314 of 505)
[2024-04-03 16:28:37] Importing ValueRange.members#52.0-1706588052000-java.trap.gz (315 of 505)
[2024-04-03 16:28:37] Importing ZoneOffsetTransition.members#52.0-1706588062000-java.trap.gz (316 of 505)
[2024-04-03 16:28:37] Importing ZoneOffsetTransitionRule$TimeDefinition.members#52.0-1706588062000-java.trap.gz (317 of 505)
[2024-04-03 16:28:37] Importing ZoneOffsetTransitionRule.members#52.0-1706588062000-java.trap.gz (318 of 505)
[2024-04-03 16:28:37] Importing ZoneRules.members#52.0-1706588060000-java.trap.gz (319 of 505)
[2024-04-03 16:28:37] Importing AbstractCollection.members#52.0-1706588020000-java.trap.gz (320 of 505)
[2024-04-03 16:28:37] Importing AbstractList.members#52.0-1706588020000-java.trap.gz (321 of 505)
[2024-04-03 16:28:37] Importing AbstractMap.members#52.0-1706587996000-java.trap.gz (322 of 505)
[2024-04-03 16:28:37] Importing ArrayList.members#52.0-1706588038000-java.trap.gz (323 of 505)
[2024-04-03 16:28:37] Importing Collection.members#52.0-1706587990000-java.trap.gz (324 of 505)
[2024-04-03 16:28:37] Importing Comparator.members#52.0-1706587996000-java.trap.gz (325 of 505)
[2024-04-03 16:28:37] Importing Date.members#52.0-1706588050000-java.trap.gz (326 of 505)
[2024-04-03 16:28:37] Importing Dictionary.members#52.0-1706588020000-java.trap.gz (327 of 505)
[2024-04-03 16:28:37] Importing DoubleSummaryStatistics.members#52.0-1706588038000-java.trap.gz (328 of 505)
[2024-04-03 16:28:37] Importing Enumeration.members#52.0-1706588020000-java.trap.gz (329 of 505)
[2024-04-03 16:28:37] Importing HashMap$Node.members#52.0-1706587998000-java.trap.gz (330 of 505)
[2024-04-03 16:28:37] Importing HashMap$TreeNode.members#52.0-1706587998000-java.trap.gz (331 of 505)
[2024-04-03 16:28:37] Importing HashMap.members#52.0-1706587998000-java.trap.gz (332 of 505)
[2024-04-03 16:28:37] Importing Hashtable.members#52.0-1706588020000-java.trap.gz (333 of 505)
[2024-04-03 16:28:37] Importing IntSummaryStatistics.members#52.0-1706588022000-java.trap.gz (334 of 505)
[2024-04-03 16:28:37] Importing InvalidPropertiesFormatException.members#52.0-1706588038000-java.trap.gz (335 of 505)
[2024-04-03 16:28:37] Importing Iterator.members#52.0-1706587998000-java.trap.gz (336 of 505)
[2024-04-03 16:28:37] Importing LinkedHashMap$Entry.members#52.0-1706588026000-java.trap.gz (337 of 505)
[2024-04-03 16:28:37] Importing LinkedHashMap.members#52.0-1706588026000-java.trap.gz (338 of 505)
[2024-04-03 16:28:37] Importing List.members#52.0-1706587990000-java.trap.gz (339 of 505)
[2024-04-03 16:28:37] Importing ListIterator.members#52.0-1706587998000-java.trap.gz (340 of 505)
[2024-04-03 16:28:37] Importing Locale$Category.members#52.0-1706587998000-java.trap.gz (341 of 505)
[2024-04-03 16:28:37] Importing Locale$FilteringMode.members#52.0-1706587998000-java.trap.gz (342 of 505)
[2024-04-03 16:28:37] Importing Locale$LanguageRange.members#52.0-1706587998000-java.trap.gz (343 of 505)
[2024-04-03 16:28:37] Importing Locale.members#52.0-1706587998000-java.trap.gz (344 of 505)
[2024-04-03 16:28:37] Importing LongSummaryStatistics.members#52.0-1706588038000-java.trap.gz (345 of 505)
[2024-04-03 16:28:37] Importing Map$Entry.members#52.0-1706587984000-java.trap.gz (346 of 505)
[2024-04-03 16:28:37] Importing Map.members#52.0-1706587984000-java.trap.gz (347 of 505)
[2024-04-03 16:28:37] Importing MissingResourceException.members#52.0-1706588020000-java.trap.gz (348 of 505)
[2024-04-03 16:28:37] Importing Optional.members#52.0-1706588028000-java.trap.gz (349 of 505)
[2024-04-03 16:28:37] Importing OptionalDouble.members#52.0-1706588022000-java.trap.gz (350 of 505)
[2024-04-03 16:28:37] Importing OptionalInt.members#52.0-1706588020000-java.trap.gz (351 of 505)
[2024-04-03 16:28:37] Importing OptionalLong.members#52.0-1706588038000-java.trap.gz (352 of 505)
[2024-04-03 16:28:37] Importing PrimitiveIterator$OfDouble.members#52.0-1706588022000-java.trap.gz (353 of 505)
[2024-04-03 16:28:37] Importing PrimitiveIterator$OfInt.members#52.0-1706588022000-java.trap.gz (354 of 505)
[2024-04-03 16:28:37] Importing PrimitiveIterator$OfLong.members#52.0-1706588022000-java.trap.gz (355 of 505)
[2024-04-03 16:28:37] Importing PrimitiveIterator.members#52.0-1706588022000-java.trap.gz (356 of 505)
[2024-04-03 16:28:37] Importing Properties.members#52.0-1706588036000-java.trap.gz (357 of 505)
[2024-04-03 16:28:37] Importing Random.members#52.0-1706588038000-java.trap.gz (358 of 505)
[2024-04-03 16:28:37] Importing RandomAccess.members#52.0-1706588020000-java.trap.gz (359 of 505)
[2024-04-03 16:28:37] Importing Set.members#52.0-1706587990000-java.trap.gz (360 of 505)
[2024-04-03 16:28:37] Importing SortedMap.members#52.0-1706588020000-java.trap.gz (361 of 505)
[2024-04-03 16:28:37] Importing Spliterator$OfDouble.members#52.0-1706587998000-java.trap.gz (362 of 505)
[2024-04-03 16:28:37] Importing Spliterator$OfInt.members#52.0-1706587998000-java.trap.gz (363 of 505)
[2024-04-03 16:28:37] Importing Spliterator$OfLong.members#52.0-1706587998000-java.trap.gz (364 of 505)
[2024-04-03 16:28:37] Importing Spliterator$OfPrimitive.members#52.0-1706587998000-java.trap.gz (365 of 505)
[2024-04-03 16:28:37] Importing Spliterator.members#52.0-1706587998000-java.trap.gz (366 of 505)
[2024-04-03 16:28:37] Importing Stack.members#52.0-1706588020000-java.trap.gz (367 of 505)
[2024-04-03 16:28:37] Importing Vector.members#52.0-1706588020000-java.trap.gz (368 of 505)
[2024-04-03 16:28:37] Importing WeakHashMap$Entry.members#52.0-1706587996000-java.trap.gz (369 of 505)
[2024-04-03 16:28:37] Importing WeakHashMap.members#52.0-1706587996000-java.trap.gz (370 of 505)
[2024-04-03 16:28:37] Importing Callable.members#52.0-1706588052000-java.trap.gz (371 of 505)
[2024-04-03 16:28:37] Importing ConcurrentMap.members#52.0-1706587998000-java.trap.gz (372 of 505)
[2024-04-03 16:28:37] Importing ExecutionException.members#52.0-1706588052000-java.trap.gz (373 of 505)
[2024-04-03 16:28:37] Importing Executor.members#52.0-1706588050000-java.trap.gz (374 of 505)
[2024-04-03 16:28:37] Importing ExecutorService.members#52.0-1706588050000-java.trap.gz (375 of 505)
[2024-04-03 16:28:38] Importing Future.members#52.0-1706588052000-java.trap.gz (376 of 505)
[2024-04-03 16:28:38] Importing TimeUnit.members#52.0-1706588050000-java.trap.gz (377 of 505)
[2024-04-03 16:28:38] Importing TimeoutException.members#52.0-1706588052000-java.trap.gz (378 of 505)
[2024-04-03 16:28:38] Importing BiConsumer.members#52.0-1706587998000-java.trap.gz (379 of 505)
[2024-04-03 16:28:38] Importing BiFunction.members#52.0-1706587998000-java.trap.gz (380 of 505)
[2024-04-03 16:28:38] Importing BinaryOperator.members#52.0-1706588028000-java.trap.gz (381 of 505)
[2024-04-03 16:28:38] Importing Consumer.members#52.0-1706588000000-java.trap.gz (382 of 505)
[2024-04-03 16:28:38] Importing DoubleBinaryOperator.members#52.0-1706588036000-java.trap.gz (383 of 505)
[2024-04-03 16:28:38] Importing DoubleConsumer.members#52.0-1706588038000-java.trap.gz (384 of 505)
[2024-04-03 16:28:38] Importing DoubleFunction.members#52.0-1706588038000-java.trap.gz (385 of 505)
[2024-04-03 16:28:38] Importing DoublePredicate.members#52.0-1706588038000-java.trap.gz (386 of 505)
[2024-04-03 16:28:38] Importing DoubleSupplier.members#52.0-1706588038000-java.trap.gz (387 of 505)
[2024-04-03 16:28:38] Importing DoubleToIntFunction.members#52.0-1706588038000-java.trap.gz (388 of 505)
[2024-04-03 16:28:38] Importing DoubleToLongFunction.members#52.0-1706588038000-java.trap.gz (389 of 505)
[2024-04-03 16:28:38] Importing DoubleUnaryOperator.members#52.0-1706588038000-java.trap.gz (390 of 505)
[2024-04-03 16:28:38] Importing Function.members#52.0-1706587998000-java.trap.gz (391 of 505)
[2024-04-03 16:28:38] Importing IntBinaryOperator.members#52.0-1706588020000-java.trap.gz (392 of 505)
[2024-04-03 16:28:38] Importing IntConsumer.members#52.0-1706588020000-java.trap.gz (393 of 505)
[2024-04-03 16:28:38] Importing IntFunction.members#52.0-1706588020000-java.trap.gz (394 of 505)
[2024-04-03 16:28:38] Importing IntPredicate.members#52.0-1706588020000-java.trap.gz (395 of 505)
[2024-04-03 16:28:38] Importing IntSupplier.members#52.0-1706588022000-java.trap.gz (396 of 505)
[2024-04-03 16:28:38] Importing IntToDoubleFunction.members#52.0-1706588020000-java.trap.gz (397 of 505)
[2024-04-03 16:28:38] Importing IntToLongFunction.members#52.0-1706588020000-java.trap.gz (398 of 505)
[2024-04-03 16:28:38] Importing IntUnaryOperator.members#52.0-1706588020000-java.trap.gz (399 of 505)
[2024-04-03 16:28:38] Importing LongBinaryOperator.members#52.0-1706588036000-java.trap.gz (400 of 505)
[2024-04-03 16:28:38] Importing LongConsumer.members#52.0-1706588038000-java.trap.gz (401 of 505)
[2024-04-03 16:28:38] Importing LongFunction.members#52.0-1706588038000-java.trap.gz (402 of 505)
[2024-04-03 16:28:38] Importing LongPredicate.members#52.0-1706588038000-java.trap.gz (403 of 505)
[2024-04-03 16:28:38] Importing LongSupplier.members#52.0-1706588038000-java.trap.gz (404 of 505)
[2024-04-03 16:28:38] Importing LongToDoubleFunction.members#52.0-1706588038000-java.trap.gz (405 of 505)
[2024-04-03 16:28:38] Importing LongToIntFunction.members#52.0-1706588038000-java.trap.gz (406 of 505)
[2024-04-03 16:28:38] Importing LongUnaryOperator.members#52.0-1706588038000-java.trap.gz (407 of 505)
[2024-04-03 16:28:38] Importing ObjDoubleConsumer.members#52.0-1706588038000-java.trap.gz (408 of 505)
[2024-04-03 16:28:38] Importing ObjIntConsumer.members#52.0-1706588022000-java.trap.gz (409 of 505)
[2024-04-03 16:28:38] Importing ObjLongConsumer.members#52.0-1706588038000-java.trap.gz (410 of 505)
[2024-04-03 16:28:38] Importing Predicate.members#52.0-1706588000000-java.trap.gz (411 of 505)
[2024-04-03 16:28:38] Importing Supplier.members#52.0-1706588020000-java.trap.gz (412 of 505)
[2024-04-03 16:28:38] Importing ToDoubleFunction.members#52.0-1706588020000-java.trap.gz (413 of 505)
[2024-04-03 16:28:38] Importing ToIntFunction.members#52.0-1706588020000-java.trap.gz (414 of 505)
[2024-04-03 16:28:38] Importing ToLongFunction.members#52.0-1706588020000-java.trap.gz (415 of 505)
[2024-04-03 16:28:38] Importing UnaryOperator.members#52.0-1706587998000-java.trap.gz (416 of 505)
[2024-04-03 16:28:38] Importing Attributes$Name.members#52.0-1706587990000-java.trap.gz (417 of 505)
[2024-04-03 16:28:38] Importing Attributes.members#52.0-1706587990000-java.trap.gz (418 of 505)
[2024-04-03 16:28:38] Importing JarEntry.members#52.0-1706588040000-java.trap.gz (419 of 505)
[2024-04-03 16:28:38] Importing JarException.members#52.0-1706588050000-java.trap.gz (420 of 505)
[2024-04-03 16:28:38] Importing JarFile.members#52.0-1706588038000-java.trap.gz (421 of 505)
[2024-04-03 16:28:38] Importing JarVerifier.members#52.0-1706588038000-java.trap.gz (422 of 505)
[2024-04-03 16:28:38] Importing Manifest$FastInputStream.members#52.0-1706588020000-java.trap.gz (423 of 505)
[2024-04-03 16:28:38] Importing Manifest.members#52.0-1706588020000-java.trap.gz (424 of 505)
[2024-04-03 16:28:38] Importing BaseStream.members#52.0-1706587998000-java.trap.gz (425 of 505)
[2024-04-03 16:28:38] Importing Collector$Characteristics.members#52.0-1706588028000-java.trap.gz (426 of 505)
[2024-04-03 16:28:38] Importing Collector.members#52.0-1706588028000-java.trap.gz (427 of 505)
[2024-04-03 16:28:38] Importing DoubleStream$Builder.members#52.0-1706588020000-java.trap.gz (428 of 505)
[2024-04-03 16:28:38] Importing DoubleStream.members#52.0-1706588020000-java.trap.gz (429 of 505)
[2024-04-03 16:28:38] Importing IntStream$Builder.members#52.0-1706587998000-java.trap.gz (430 of 505)
[2024-04-03 16:28:38] Importing IntStream.members#52.0-1706587998000-java.trap.gz (431 of 505)
[2024-04-03 16:28:38] Importing LongStream$Builder.members#52.0-1706588020000-java.trap.gz (432 of 505)
[2024-04-03 16:28:38] Importing LongStream.members#52.0-1706588020000-java.trap.gz (433 of 505)
[2024-04-03 16:28:38] Importing Stream$Builder.members#52.0-1706588000000-java.trap.gz (434 of 505)
[2024-04-03 16:28:38] Importing Stream.members#52.0-1706588000000-java.trap.gz (435 of 505)
[2024-04-03 16:28:38] Importing ZipConstants.members#52.0-1706588040000-java.trap.gz (436 of 505)
[2024-04-03 16:28:38] Importing ZipEntry.members#52.0-1706588040000-java.trap.gz (437 of 505)
[2024-04-03 16:28:38] Importing ZipException.members#52.0-1706588050000-java.trap.gz (438 of 505)
[2024-04-03 16:28:38] Importing ZipFile.members#52.0-1706588040000-java.trap.gz (439 of 505)
[2024-04-03 16:28:38] Importing Subject.members#52.0-1706588038000-java.trap.gz (440 of 505)
[2024-04-03 16:28:38] Importing Empty.members#52.0-1706588038000-java.trap.gz (441 of 505)
[2024-04-03 16:28:38] Importing Wrapper.members#52.0-1706588038000-java.trap.gz (442 of 505)
[2024-04-03 16:28:38] Importing Contended.members#52.0-1706588036000-java.trap.gz (443 of 505)
[2024-04-03 16:28:38] Importing Resource.members#52.0-1706588038000-java.trap.gz (444 of 505)
[2024-04-03 16:28:38] Importing URLClassPath$Loader.members#52.0-1706588020000-java.trap.gz (445 of 505)
[2024-04-03 16:28:38] Importing URLClassPath.members#52.0-1706588020000-java.trap.gz (446 of 505)
[2024-04-03 16:28:38] Importing Interruptible.members#52.0-1706587990000-java.trap.gz (447 of 505)
[2024-04-03 16:28:38] Importing CallerSensitive.members#52.0-1706588178000-java.trap.gz (448 of 505)
[2024-04-03 16:28:38] Importing ConstantPool.members#52.0-1706587992000-java.trap.gz (449 of 505)
[2024-04-03 16:28:38] Importing ConstructorAccessor.members#52.0-1706587984000-java.trap.gz (450 of 505)
[2024-04-03 16:28:38] Importing FieldAccessor.members#52.0-1706587998000-java.trap.gz (451 of 505)
[2024-04-03 16:28:38] Importing LangReflectAccess.members#52.0-1706587998000-java.trap.gz (452 of 505)
[2024-04-03 16:28:38] Importing MethodAccessor.members#52.0-1706587998000-java.trap.gz (453 of 505)
[2024-04-03 16:28:38] Importing ReflectionFactory.members#52.0-1706587984000-java.trap.gz (454 of 505)
[2024-04-03 16:28:38] Importing AnnotationType.members#52.0-1706587992000-java.trap.gz (455 of 505)
[2024-04-03 16:28:38] Importing GenericsFactory.members#52.0-1706587984000-java.trap.gz (456 of 505)
[2024-04-03 16:28:38] Importing AbstractRepository.members#52.0-1706587984000-java.trap.gz (457 of 505)
[2024-04-03 16:28:38] Importing ConstructorRepository.members#52.0-1706587984000-java.trap.gz (458 of 505)
[2024-04-03 16:28:38] Importing GenericDeclRepository.members#52.0-1706587984000-java.trap.gz (459 of 505)
[2024-04-03 16:28:38] Importing MethodRepository.members#52.0-1706588020000-java.trap.gz (460 of 505)
[2024-04-03 16:28:38] Importing ArrayTypeSignature.members#52.0-1706588022000-java.trap.gz (461 of 505)
[2024-04-03 16:28:38] Importing BaseType.members#52.0-1706587998000-java.trap.gz (462 of 505)
[2024-04-03 16:28:38] Importing BooleanSignature.members#52.0-1706588022000-java.trap.gz (463 of 505)
[2024-04-03 16:28:38] Importing BottomSignature.members#52.0-1706588022000-java.trap.gz (464 of 505)
[2024-04-03 16:28:38] Importing ByteSignature.members#52.0-1706588022000-java.trap.gz (465 of 505)
[2024-04-03 16:28:38] Importing CharSignature.members#52.0-1706588026000-java.trap.gz (466 of 505)
[2024-04-03 16:28:38] Importing ClassSignature.members#52.0-1706587992000-java.trap.gz (467 of 505)
[2024-04-03 16:28:38] Importing ClassTypeSignature.members#52.0-1706588020000-java.trap.gz (468 of 505)
[2024-04-03 16:28:38] Importing DoubleSignature.members#52.0-1706588026000-java.trap.gz (469 of 505)
[2024-04-03 16:28:38] Importing FieldTypeSignature.members#52.0-1706587998000-java.trap.gz (470 of 505)
[2024-04-03 16:28:38] Importing FloatSignature.members#52.0-1706588026000-java.trap.gz (471 of 505)
[2024-04-03 16:28:38] Importing FormalTypeParameter.members#52.0-1706587998000-java.trap.gz (472 of 505)
[2024-04-03 16:28:38] Importing IntSignature.members#52.0-1706588026000-java.trap.gz (473 of 505)
[2024-04-03 16:28:38] Importing LongSignature.members#52.0-1706588026000-java.trap.gz (474 of 505)
[2024-04-03 16:28:38] Importing MethodTypeSignature.members#52.0-1706587984000-java.trap.gz (475 of 505)
[2024-04-03 16:28:38] Importing ReturnType.members#52.0-1706587998000-java.trap.gz (476 of 505)
[2024-04-03 16:28:38] Importing ShortSignature.members#52.0-1706588022000-java.trap.gz (477 of 505)
[2024-04-03 16:28:38] Importing Signature.members#52.0-1706587984000-java.trap.gz (478 of 505)
[2024-04-03 16:28:38] Importing SimpleClassTypeSignature.members#52.0-1706588022000-java.trap.gz (479 of 505)
[2024-04-03 16:28:38] Importing Tree.members#52.0-1706587984000-java.trap.gz (480 of 505)
[2024-04-03 16:28:38] Importing TypeArgument.members#52.0-1706587998000-java.trap.gz (481 of 505)
[2024-04-03 16:28:38] Importing TypeSignature.members#52.0-1706587998000-java.trap.gz (482 of 505)
[2024-04-03 16:28:38] Importing TypeTree.members#52.0-1706587998000-java.trap.gz (483 of 505)
[2024-04-03 16:28:38] Importing TypeVariableSignature.members#52.0-1706588022000-java.trap.gz (484 of 505)
[2024-04-03 16:28:38] Importing VoidDescriptor.members#52.0-1706588026000-java.trap.gz (485 of 505)
[2024-04-03 16:28:38] Importing Wildcard.members#52.0-1706588022000-java.trap.gz (486 of 505)
[2024-04-03 16:28:38] Importing Reifier.members#52.0-1706587998000-java.trap.gz (487 of 505)
[2024-04-03 16:28:38] Importing TypeTreeVisitor.members#52.0-1706587998000-java.trap.gz (488 of 505)
[2024-04-03 16:28:38] Importing Visitor.members#52.0-1706587998000-java.trap.gz (489 of 505)
[2024-04-03 16:28:38] Importing Debug.members#52.0-1706588020000-java.trap.gz (490 of 505)
[2024-04-03 16:28:38] Importing ManifestEntryVerifier.members#52.0-1706588040000-java.trap.gz (491 of 505)
[2024-04-03 16:28:38] Importing BaseLocale.members#52.0-1706588020000-java.trap.gz (492 of 505)
[2024-04-03 16:28:38] Importing Extension.members#52.0-1706588038000-java.trap.gz (493 of 505)
[2024-04-03 16:28:38] Importing InternalLocaleBuilder$CaseInsensitiveChar.members#52.0-1706588020000-java.trap.gz (494 of 505)
[2024-04-03 16:28:38] Importing InternalLocaleBuilder$CaseInsensitiveString.members#52.0-1706588020000-java.trap.gz (495 of 505)
[2024-04-03 16:28:38] Importing InternalLocaleBuilder.members#52.0-1706588020000-java.trap.gz (496 of 505)
[2024-04-03 16:28:38] Importing LanguageTag.members#52.0-1706588038000-java.trap.gz (497 of 505)
[2024-04-03 16:28:38] Importing LocaleExtensions.members#52.0-1706588020000-java.trap.gz (498 of 505)
[2024-04-03 16:28:38] Importing LocaleSyntaxException.members#52.0-1706588038000-java.trap.gz (499 of 505)
[2024-04-03 16:28:38] Importing ParseStatus.members#52.0-1706588040000-java.trap.gz (500 of 505)
[2024-04-03 16:28:38] Importing Triangle$Type.members#0.0-1674429699000-java.trap.gz (501 of 505)
[2024-04-03 16:28:38] Importing Triangle.members#0.0-1674429699000-java.trap.gz (502 of 505)
[2024-04-03 16:28:38] Importing diagnostic.trap.gz (503 of 505)
[2024-04-03 16:28:38] Importing rt.jar.trap.gz (504 of 505)
[2024-04-03 16:28:38] Importing sourceLocationPrefix.trap.gz (505 of 505)
[2024-04-03 16:28:38] [PROGRESS] dataset import> Merging relations
[2024-04-03 16:28:39] Merging 1 fragment for 'files'.
[2024-04-03 16:28:39] Merged 4032 bytes (3.94 KiB) for 'files'.
[2024-04-03 16:28:39] Merging 1 fragment for 'folders'.
[2024-04-03 16:28:39] Merged 592 bytes for 'folders'.
[2024-04-03 16:28:39] Merging 1 fragment for 'containerparent'.
[2024-04-03 16:28:39] Merged 4608 bytes (4.50 KiB) for 'containerparent'.
[2024-04-03 16:28:39] Merging 1 fragment for 'locations_default'.
[2024-04-03 16:28:39] Merged 19248 bytes (18.80 KiB) for 'locations_default'.
[2024-04-03 16:28:39] Merging 1 fragment for 'xmllocations'.
[2024-04-03 16:28:39] Merged 1280 bytes (1.25 KiB) for 'xmllocations'.
[2024-04-03 16:28:39] Merging 1 fragment for 'xmlElements'.
[2024-04-03 16:28:39] Merged 1080 bytes (1.05 KiB) for 'xmlElements'.
[2024-04-03 16:28:39] Merging 1 fragment for 'xmlAttrs'.
[2024-04-03 16:28:39] Merged 2208 bytes (2.16 KiB) for 'xmlAttrs'.
[2024-04-03 16:28:39] Merging 1 fragment for 'xmlComments'.
[2024-04-03 16:28:39] Merged 192 bytes for 'xmlComments'.
[2024-04-03 16:28:39] Merging 1 fragment for 'numlines'.
[2024-04-03 16:28:39] Merged 1184 bytes (1.16 KiB) for 'numlines'.
[2024-04-03 16:28:39] Merging 1 fragment for 'xmlEncoding'.
[2024-04-03 16:28:39] Merged 16 bytes for 'xmlEncoding'.
[2024-04-03 16:28:39] Merging 1 fragment for 'configs'.
[2024-04-03 16:28:39] Merged 48 bytes for 'configs'.
[2024-04-03 16:28:39] Merging 1 fragment for 'configLocations'.
[2024-04-03 16:28:39] Merged 264 bytes for 'configLocations'.
[2024-04-03 16:28:39] Merging 1 fragment for 'configNames'.
[2024-04-03 16:28:39] Merged 144 bytes for 'configNames'.
[2024-04-03 16:28:39] Merging 1 fragment for 'configValues'.
[2024-04-03 16:28:39] Merged 108 bytes for 'configValues'.
[2024-04-03 16:28:39] Merging 1 fragment for 'hasLocation'.
[2024-04-03 16:28:39] Merged 92656 bytes (90.48 KiB) for 'hasLocation'.
[2024-04-03 16:28:39] Merging 1 fragment for 'packages'.
[2024-04-03 16:28:39] Merged 344 bytes for 'packages'.
[2024-04-03 16:28:39] Merging 1 fragment for 'cupackage'.
[2024-04-03 16:28:39] Merged 3992 bytes (3.90 KiB) for 'cupackage'.
[2024-04-03 16:28:39] Merging 1 fragment for 'primitives'.
[2024-04-03 16:28:39] Merged 72 bytes for 'primitives'.
[2024-04-03 16:28:39] Merging 1 fragment for 'stmts'.
[2024-04-03 16:28:39] Merged 660 bytes for 'stmts'.
[2024-04-03 16:28:39] Merging 1 fragment for 'callableBinding'.
[2024-04-03 16:28:39] Merged 48 bytes for 'callableBinding'.
[2024-04-03 16:28:39] Merging 1 fragment for 'constrs'.
[2024-04-03 16:28:39] Merged 13920 bytes (13.59 KiB) for 'constrs'.
[2024-04-03 16:28:39] Merging 1 fragment for 'modifiers'.
[2024-04-03 16:28:39] Merged 88 bytes for 'modifiers'.
[2024-04-03 16:28:39] Merging 1 fragment for 'hasModifier'.
[2024-04-03 16:28:39] Merged 122456 bytes (119.59 KiB) for 'hasModifier'.
[2024-04-03 16:28:39] Merging 1 fragment for 'isDefConstr'.
[2024-04-03 16:28:39] Merged 8 bytes for 'isDefConstr'.
[2024-04-03 16:28:39] Merging 1 fragment for 'methods'.
[2024-04-03 16:28:39] Merged 167544 bytes (163.62 KiB) for 'methods'.
[2024-04-03 16:28:39] Merging 1 fragment for 'exprs'.
[2024-04-03 16:28:39] Merged 13400 bytes (13.09 KiB) for 'exprs'.
[2024-04-03 16:28:39] Merging 1 fragment for 'callableEnclosingExpr'.
[2024-04-03 16:28:39] Merged 1008 bytes for 'callableEnclosingExpr'.
[2024-04-03 16:28:39] Merging 1 fragment for 'statementEnclosingExpr'.
[2024-04-03 16:28:39] Merged 976 bytes for 'statementEnclosingExpr'.
[2024-04-03 16:28:39] Merging 1 fragment for 'variableBinding'.
[2024-04-03 16:28:39] Merged 696 bytes for 'variableBinding'.
[2024-04-03 16:28:39] Merging 1 fragment for 'fielddecls'.
[2024-04-03 16:28:39] Merged 32 bytes for 'fielddecls'.
[2024-04-03 16:28:39] Merging 1 fragment for 'fieldDeclaredIn'.
[2024-04-03 16:28:39] Merged 48 bytes for 'fieldDeclaredIn'.
[2024-04-03 16:28:39] Merging 1 fragment for 'params'.
[2024-04-03 16:28:39] Merged 132300 bytes (129.20 KiB) for 'params'.
[2024-04-03 16:28:39] Merging 1 fragment for 'paramName'.
[2024-04-03 16:28:39] Merged 24 bytes for 'paramName'.
[2024-04-03 16:28:39] Merging 1 fragment for 'localvars'.
[2024-04-03 16:28:39] Merged 16 bytes for 'localvars'.
[2024-04-03 16:28:39] Merging 1 fragment for 'namestrings'.
[2024-04-03 16:28:39] Merged 180 bytes for 'namestrings'.
[2024-04-03 16:28:39] Merging 1 fragment for 'classes_or_interfaces'.
[2024-04-03 16:28:39] Merged 25552 bytes (24.95 KiB) for 'classes_or_interfaces'.
[2024-04-03 16:28:39] Merging 1 fragment for 'isInterface'.
[2024-04-03 16:28:39] Merged 4088 bytes (3.99 KiB) for 'isInterface'.
[2024-04-03 16:28:39] Merging 1 fragment for 'extendsReftype'.
[2024-04-03 16:28:39] Merged 14088 bytes (13.76 KiB) for 'extendsReftype'.
[2024-04-03 16:28:39] Merging 1 fragment for 'exceptions'.
[2024-04-03 16:28:39] Merged 9348 bytes (9.13 KiB) for 'exceptions'.
[2024-04-03 16:28:39] Merging 1 fragment for 'arrays'.
[2024-04-03 16:28:39] Merged 2560 bytes (2.50 KiB) for 'arrays'.
[2024-04-03 16:28:39] Merging 1 fragment for 'fields'.
[2024-04-03 16:28:39] Merged 17880 bytes (17.46 KiB) for 'fields'.
[2024-04-03 16:28:39] Merging 1 fragment for 'implInterface'.
[2024-04-03 16:28:39] Merged 7376 bytes (7.20 KiB) for 'implInterface'.
[2024-04-03 16:28:39] Merging 1 fragment for 'typeArgs'.
[2024-04-03 16:28:39] Merged 15936 bytes (15.56 KiB) for 'typeArgs'.
[2024-04-03 16:28:39] Merging 1 fragment for 'isParameterized'.
[2024-04-03 16:28:39] Merged 4156 bytes (4.06 KiB) for 'isParameterized'.
[2024-04-03 16:28:39] Merging 1 fragment for 'erasure'.
[2024-04-03 16:28:39] Merged 8792 bytes (8.59 KiB) for 'erasure'.
[2024-04-03 16:28:39] Merging 1 fragment for 'enclInReftype'.
[2024-04-03 16:28:39] Merged 1168 bytes (1.14 KiB) for 'enclInReftype'.
[2024-04-03 16:28:39] Merging 1 fragment for 'isRaw'.
[2024-04-03 16:28:39] Merged 240 bytes for 'isRaw'.
[2024-04-03 16:28:39] Merging 1 fragment for 'wildcards'.
[2024-04-03 16:28:39] Merged 1788 bytes (1.75 KiB) for 'wildcards'.
[2024-04-03 16:28:39] Merging 1 fragment for 'typeBounds'.
[2024-04-03 16:28:39] Merged 3248 bytes (3.17 KiB) for 'typeBounds'.
[2024-04-03 16:28:39] Merging 1 fragment for 'isVarargsParam'.
[2024-04-03 16:28:39] Merged 292 bytes for 'isVarargsParam'.
[2024-04-03 16:28:39] Merging 1 fragment for 'typeVars'.
[2024-04-03 16:28:39] Merged 5600 bytes (5.47 KiB) for 'typeVars'.
[2024-04-03 16:28:39] Merging 1 fragment for 'isAnnotType'.
[2024-04-03 16:28:39] Merged 52 bytes for 'isAnnotType'.
[2024-04-03 16:28:39] Merging 1 fragment for 'annotValue'.
[2024-04-03 16:28:39] Merged 348 bytes for 'annotValue'.
[2024-04-03 16:28:39] Merging 1 fragment for 'isEnumType'.
[2024-04-03 16:28:39] Merged 92 bytes for 'isEnumType'.
[2024-04-03 16:28:39] Merging 1 fragment for 'isEnumConst'.
[2024-04-03 16:28:39] Merged 572 bytes for 'isEnumConst'.
[2024-04-03 16:28:39] Merging 1 fragment for 'isAnnotElem'.
[2024-04-03 16:28:39] Merged 12 bytes for 'isAnnotElem'.
[2024-04-03 16:28:39] Merging 1 fragment for 'compilations'.
[2024-04-03 16:28:39] Merged 16 bytes for 'compilations'.
[2024-04-03 16:28:39] Merging 1 fragment for 'compilation_args'.
[2024-04-03 16:28:39] Merged 48 bytes for 'compilation_args'.
[2024-04-03 16:28:39] Merging 1 fragment for 'compilation_expanded_args'.
[2024-04-03 16:28:39] Merged 288 bytes for 'compilation_expanded_args'.
[2024-04-03 16:28:39] Merging 1 fragment for 'compilation_info'.
[2024-04-03 16:28:39] Merged 36 bytes for 'compilation_info'.
[2024-04-03 16:28:39] Merging 1 fragment for 'compilation_time'.
[2024-04-03 16:28:40] Merged 160 bytes for 'compilation_time'.
[2024-04-03 16:28:40] Merging 1 fragment for 'compilation_compiling_files'.
[2024-04-03 16:28:40] Merged 12 bytes for 'compilation_compiling_files'.
[2024-04-03 16:28:40] Merging 1 fragment for 'compilation_compiling_files_completed'.
[2024-04-03 16:28:40] Merged 12 bytes for 'compilation_compiling_files_completed'.
[2024-04-03 16:28:40] Merging 1 fragment for 'compilation_finished'.
[2024-04-03 16:28:40] Merged 24 bytes for 'compilation_finished'.
[2024-04-03 16:28:40] Merging 1 fragment for 'jarManifestMain'.
[2024-04-03 16:28:40] Merged 96 bytes for 'jarManifestMain'.
[2024-04-03 16:28:40] Merging 1 fragment for 'jarManifestEntries'.
[2024-04-03 16:28:40] Merged 592 bytes for 'jarManifestEntries'.
[2024-04-03 16:28:40] Merging 1 fragment for 'sourceLocationPrefix'.
[2024-04-03 16:28:40] Merged 4 bytes for 'sourceLocationPrefix'.
[2024-04-03 16:28:40] Saving string and id pools to disk.
[2024-04-03 16:28:40] Finished importing TRAP files.
[2024-04-03 16:28:40] Read 6.04 MiB of uncompressed TRAP data.
[2024-04-03 16:28:40] Relation data size: 693.31 KiB (merge rate: 721.61 KiB/s)
[2024-04-03 16:28:40] String pool size: 2.22 MiB
[2024-04-03 16:28:40] ID pool size: 1.88 MiB
[2024-04-03 16:28:40] [PROGRESS] dataset import> Finished writing database (relations: 693.31 KiB; string pool: 2.22 MiB).
[2024-04-03 16:28:40] Pausing evaluation to close the cache at sequence stamp o+3
[2024-04-03 16:28:40] The disk cache is freshly trimmed; leave it be.
[2024-04-03 16:28:40] Unpausing evaluation
[2024-04-03 16:28:40] Plumbing command codeql dataset import completed.
[2024-04-03 16:28:40] [PROGRESS] database finalize> TRAP import complete (6.5s).
[2024-04-03 16:28:40] Running plumbing command: codeql database cleanup --mode=trim -- C:\Users\32491\Documents\Uni\MA2\Memoire\major-latest\major\example\ant\java-database
[2024-04-03 16:28:40] [PROGRESS] database cleanup> Cleaning up existing TRAP files after import...
[2024-04-03 16:28:41] [PROGRESS] database cleanup> TRAP files cleaned up (1.2s).
[2024-04-03 16:28:41] [PROGRESS] database cleanup> Cleaning up scratch directory...
[2024-04-03 16:28:41] [PROGRESS] database cleanup> Scratch directory cleaned up (3ms).
[2024-04-03 16:28:41] Running plumbing command: codeql dataset cleanup --mode=trim -- C:\Users\32491\Documents\Uni\MA2\Memoire\major-latest\major\example\ant\java-database\db-java
[2024-04-03 16:28:41] [PROGRESS] dataset cleanup> Cleaning up dataset in C:\Users\32491\Documents\Uni\MA2\Memoire\major-latest\major\example\ant\java-database\db-java.
[2024-04-03 16:28:41] Trimming disk cache at C:\Users\32491\Documents\Uni\MA2\Memoire\major-latest\major\example\ant\java-database\db-java\default\cache in mode trim.
[2024-04-03 16:28:41] Sequence stamp origin is -6200238317017995661
[2024-04-03 16:28:41] Pausing evaluation to quickly trim memory at sequence stamp o+0
[2024-04-03 16:28:41] Unpausing evaluation
[2024-04-03 16:28:41] Pausing evaluation to zealously trim disk at sequence stamp o+1
[2024-04-03 16:28:41] Unpausing evaluation
[2024-04-03 16:28:41] Trimming completed (6ms): Trimmed disposable data from cache.
[2024-04-03 16:28:41] Pausing evaluation to close the cache at sequence stamp o+2
[2024-04-03 16:28:41] The disk cache is freshly trimmed; leave it be.
[2024-04-03 16:28:41] Unpausing evaluation
[2024-04-03 16:28:41] [PROGRESS] dataset cleanup> Trimmed disposable data from cache.
[2024-04-03 16:28:41] [PROGRESS] dataset cleanup> Finalizing dataset in C:\Users\32491\Documents\Uni\MA2\Memoire\major-latest\major\example\ant\java-database\db-java
[2024-04-03 16:28:41] [DETAILS] dataset cleanup> Finished deleting ID pool from C:\Users\32491\Documents\Uni\MA2\Memoire\major-latest\major\example\ant\java-database\db-java (13ms).
[2024-04-03 16:28:41] Plumbing command codeql dataset cleanup completed.
[2024-04-03 16:28:41] Plumbing command codeql database cleanup completed with status 0.
[2024-04-03 16:28:41] [PROGRESS] database finalize> Finished zipping source archive (4.23 KiB).
[2024-04-03 16:28:41] Plumbing command codeql database finalize completed.
[2024-04-03 16:28:41] [PROGRESS] database create> Successfully created database at C:\Users\32491\Documents\Uni\MA2\Memoire\major-latest\major\example\ant\java-database.
[2024-04-03 16:28:41] Terminating normally.
