[2024-04-19 13:52:05] This is codeql execute queries -J-Xmx1800M --off-heap-ram=1632 --verbosity=progress --logdir=C:\Users\32491\Documents\Uni\MA2\Memoire\proto\2048database\log --evaluator-log-level=5 --warnings=show --qlconfig-file=C:\Users\32491\Documents\Uni\MA2\Memoire\proto\qlconfig.yml -- C:\Users\32491\Documents\Uni\MA2\Memoire\proto\2048database\db-java path:C:\Users\32491\Documents\Uni\MA2\Memoire\codeql-custom-queries-java\getBody.ql
[2024-04-19 13:52:05] Calling plumbing command: codeql resolve queries --qlconfig-file=C:\Users\32491\Documents\Uni\MA2\Memoire\proto\qlconfig.yml --format=json -- path:C:\Users\32491\Documents\Uni\MA2\Memoire\codeql-custom-queries-java\getBody.ql
[2024-04-19 13:52:07] [PROGRESS] resolve queries> Recording pack reference getting-started/codeql-extra-queries-java-1 at C:\Users\32491\Documents\Uni\MA2\Memoire\codeql-custom-queries-java.
[2024-04-19 13:52:08] Plumbing command codeql resolve queries completed:
                      [
                        "C:\\Users\\32491\\Documents\\Uni\\MA2\\Memoire\\codeql-custom-queries-java\\getBody.ql"
                      ]
[2024-04-19 13:52:08] Refusing fancy output: The terminal is not an xterm: 
[2024-04-19 13:52:08] Creating executor with 1 threads.
[2024-04-19 13:52:08] Exception caught at top level: Error initializing the IMB disk cache: the cache directory is already locked by another running process. Only one instance of the IMB can access a cache directory at a time. The lock file is located at C:\Users\32491\Documents\Uni\MA2\Memoire\proto\2048database\db-java\default\cache\.lock
                      (eventual cause: OverlappingFileLockException)
                      com.semmle.inmemory.caching.RelationCacheImpl.takeFilesystemLock(RelationCacheImpl.java:354)
                      com.semmle.inmemory.caching.RelationCacheImpl.create(RelationCacheImpl.java:111)
                      com.semmle.inmemory.scheduler.EvaluationSchedule.<init>(EvaluationSchedule.java:94)
                      com.semmle.inmemory.caching.RelationManager.<init>(RelationManager.java:68)
                      com.semmle.inmemory.MemoryBackend.<init>(MemoryBackend.java:132)
                      com.semmle.cli2.ql.EvaluationCommon.<init>(EvaluationCommon.java:91)
                      com.semmle.cli2.ql.EvaluationCommon.<init>(EvaluationCommon.java:68)
                      com.semmle.cli2.execute.ExecuteQueriesCommand.executeSubcommand(ExecuteQueriesCommand.java:413)
                      com.semmle.cli2.picocli.SubcommandCommon.lambda$executeSubcommandWithMessages$5(SubcommandCommon.java:803)
                      com.semmle.cli2.picocli.SubcommandCommon.withCompilationMessages(SubcommandCommon.java:442)
                      com.semmle.cli2.picocli.SubcommandCommon.executeSubcommandWithMessages(SubcommandCommon.java:801)
                      com.semmle.cli2.picocli.SubcommandCommon.toplevelMain(SubcommandCommon.java:685)
                      com.semmle.cli2.picocli.SubcommandCommon.call(SubcommandCommon.java:666)
                      com.semmle.cli2.picocli.SubcommandMaker.runMain(SubcommandMaker.java:237)
                      com.semmle.cli2.picocli.SubcommandMaker.runMain(SubcommandMaker.java:257)
                      com.semmle.cli2.CodeQL.main(CodeQL.java:115)
                      
                       ... caused by:
                      
                      java.nio.channels.OverlappingFileLockException
                      com.semmle.util.files.FileSystemLock.<init>(FileSystemLock.java:74)
                      com.semmle.inmemory.caching.RelationCacheImpl.takeFilesystemLock(RelationCacheImpl.java:350)
                      com.semmle.inmemory.caching.RelationCacheImpl.create(RelationCacheImpl.java:111)
                      com.semmle.inmemory.scheduler.EvaluationSchedule.<init>(EvaluationSchedule.java:94)
                      com.semmle.inmemory.caching.RelationManager.<init>(RelationManager.java:68)
                      com.semmle.inmemory.MemoryBackend.<init>(MemoryBackend.java:132)
                      com.semmle.cli2.ql.EvaluationCommon.<init>(EvaluationCommon.java:91)
                      com.semmle.cli2.ql.EvaluationCommon.<init>(EvaluationCommon.java:68)
                      com.semmle.cli2.execute.ExecuteQueriesCommand.executeSubcommand(ExecuteQueriesCommand.java:413)
                      com.semmle.cli2.picocli.SubcommandCommon.lambda$executeSubcommandWithMessages$5(SubcommandCommon.java:803)
                      com.semmle.cli2.picocli.SubcommandCommon.withCompilationMessages(SubcommandCommon.java:442)
                      com.semmle.cli2.picocli.SubcommandCommon.executeSubcommandWithMessages(SubcommandCommon.java:801)
                      com.semmle.cli2.picocli.SubcommandCommon.toplevelMain(SubcommandCommon.java:685)
                      com.semmle.cli2.picocli.SubcommandCommon.call(SubcommandCommon.java:666)
                      com.semmle.cli2.picocli.SubcommandMaker.runMain(SubcommandMaker.java:237)
                      com.semmle.cli2.picocli.SubcommandMaker.runMain(SubcommandMaker.java:257)
                      com.semmle.cli2.CodeQL.main(CodeQL.java:115)
