[2024-04-19 14:30:07] This is codeql execute queries -J-Xmx1800M --off-heap-ram=1632 --verbosity=progress --logdir=C:\Users\32491\Documents\Uni\MA2\Memoire\proto\2048database\log --evaluator-log-level=5 --threads=8 --warnings=show --qlconfig-file=C:\Users\32491\Documents\Uni\MA2\Memoire\proto\qlconfig.yml -- C:\Users\32491\Documents\Uni\MA2\Memoire\proto\2048database\db-java path:C:\Users\32491\Documents\Uni\MA2\Memoire\proto\queries\24\getBody.ql
[2024-04-19 14:30:07] Calling plumbing command: codeql resolve queries --qlconfig-file=C:\Users\32491\Documents\Uni\MA2\Memoire\proto\qlconfig.yml --format=json -- path:C:\Users\32491\Documents\Uni\MA2\Memoire\proto\queries\24\getBody.ql
[2024-04-19 14:30:07] [PROGRESS] resolve queries> Recording pack reference (anonymous QL pack at C:\Users\32491\Documents\Uni\MA2\Memoire\proto\queries\24\getBody.ql) at C:\Users\32491\Documents\Uni\MA2\Memoire\proto\queries\24.
[2024-04-19 14:30:07] Plumbing command codeql resolve queries completed:
                      [
                        "C:\\Users\\32491\\Documents\\Uni\\MA2\\Memoire\\proto\\queries\\24\\getBody.ql"
                      ]
[2024-04-19 14:30:07] Refusing fancy output: The terminal is not an xterm: 
[2024-04-19 14:30:07] Creating executor with 8 threads.
[2024-04-19 14:30:07] Calling plumbing command: codeql resolve extensions --qlconfig-file=C:\Users\32491\Documents\Uni\MA2\Memoire\proto\qlconfig.yml path:C:\Users\32491\Documents\Uni\MA2\Memoire\proto\queries\24\getBody.ql
[2024-04-19 14:30:07] Calling plumbing command: codeql resolve queries --qlconfig-file=C:\Users\32491\Documents\Uni\MA2\Memoire\proto\qlconfig.yml --allow-library-packs --format startingpacks -- path:C:\Users\32491\Documents\Uni\MA2\Memoire\proto\queries\24\getBody.ql
[2024-04-19 14:30:07] [PROGRESS] resolve queries> Recording pack reference (anonymous QL pack at C:\Users\32491\Documents\Uni\MA2\Memoire\proto\queries\24\getBody.ql) at C:\Users\32491\Documents\Uni\MA2\Memoire\proto\queries\24.
[2024-04-19 14:30:07] Plumbing command codeql resolve queries completed:
                      [
                        "C:\\Users\\32491\\Documents\\Uni\\MA2\\Memoire\\proto\\queries\\24"
                      ]
[2024-04-19 14:30:08] Calling plumbing command: codeql resolve extensions-by-pack --qlconfig-file=C:\Users\32491\Documents\Uni\MA2\Memoire\proto\qlconfig.yml -- C:\Users\32491\Documents\Uni\MA2\Memoire\proto\queries\24
[2024-04-19 14:30:08] [SPAMMY] resolve extensions-by-pack> [INCOMPATIBILITY] <anonymous pack>: not 0.0.0 {root: <anonymous pack>@0.0.0}
[2024-04-19 14:30:08] [SPAMMY] resolve extensions-by-pack> [DERIVATION] <anonymous pack>: 0.0.0 {<anonymous pack>: not 0.0.0 {root: <anonymous pack>@0.0.0}}
[2024-04-19 14:30:08] [SPAMMY] resolve extensions-by-pack> [DECISION 1] <anonymous pack>: 0.0.0
[2024-04-19 14:30:08] Plumbing command codeql resolve extensions-by-pack completed:
                      {
                        "models" : [ ],
                        "data" : { },
                        "threatModels" : { },
                        "extensionPacks" : [ ]
                      }
[2024-04-19 14:30:08] Plumbing command codeql resolve extensions completed:
                      {
                        "models" : [ ],
                        "data" : { },
                        "threatModels" : { },
                        "extensionPacks" : [ ]
                      }
[2024-04-19 14:30:08] Calling plumbing command: codeql resolve library-path --qlconfig-file=C:\Users\32491\Documents\Uni\MA2\Memoire\proto\qlconfig.yml --query=C:\Users\32491\Documents\Uni\MA2\Memoire\proto\queries\24\getBody.ql --format=json
[2024-04-19 14:30:08] [DETAILS] resolve library-path> Resolving query at normalized path C:\Users\32491\Documents\Uni\MA2\Memoire\proto\queries\24\getBody.ql.
[2024-04-19 14:30:08] [DETAILS] resolve library-path> Found no pack; trying after symlink resolution with C:\Users\32491\Documents\Uni\MA2\Memoire\proto\queries\24\getBody.ql.
[2024-04-19 14:30:08] [DETAILS] resolve library-path> Found enclosing pack '24' at C:\Users\32491\Documents\Uni\MA2\Memoire\proto\queries\24.
[2024-04-19 14:30:08] [DETAILS] resolve library-path> Adding compilation cache at C:\Users\32491\.codeql\compile-cache.
[2024-04-19 14:30:08] [DETAILS] resolve library-path> Resolving library dependencies from C:\Users\32491\Documents\Uni\MA2\Memoire\proto\queries\24\getBody.ql.
[2024-04-19 14:30:08] [SPAMMY] resolve library-path> [INCOMPATIBILITY] <anonymous pack>: not 0.0.0 {root: <anonymous pack>@0.0.0}
[2024-04-19 14:30:08] [SPAMMY] resolve library-path> [DERIVATION] <anonymous pack>: 0.0.0 {<anonymous pack>: not 0.0.0 {root: <anonymous pack>@0.0.0}}
[2024-04-19 14:30:08] [SPAMMY] resolve library-path> [DECISION 1] <anonymous pack>: 0.0.0
[2024-04-19 14:30:08] [DETAILS] resolve library-path> QL pack dependencies for C:\Users\32491\Documents\Uni\MA2\Memoire\proto\queries\24 resolved OK.
[2024-04-19 14:30:08] [DETAILS] resolve library-path> Found no dbscheme through dependencies.
[2024-04-19 14:30:08] Plumbing command codeql resolve library-path completed:
                      {
                        "libraryPath" : [
                          "C:\\Users\\32491\\Documents\\Uni\\MA2\\Memoire\\proto\\queries\\24"
                        ],
                        "compilationCache" : [
                          "C:\\Users\\32491\\.codeql\\compile-cache"
                        ],
                        "relativeName" : "24\\getBody.ql",
                        "possibleAdvice" : "There should probably be a qlpack.yml file declaring dependencies in C:\\Users\\32491\\Documents\\Uni\\MA2\\Memoire\\proto\\queries\\24 or an enclosing directory.",
                        "qlPackName" : "24"
                      }
[2024-04-19 14:30:08] [PROGRESS] execute queries> Compiling query plan for C:\Users\32491\Documents\Uni\MA2\Memoire\proto\queries\24\getBody.ql.
[2024-04-19 14:30:08] [DETAILS] execute queries> Resolving imports for C:\Users\32491\Documents\Uni\MA2\Memoire\proto\queries\24\getBody.ql.
[2024-04-19 14:30:08] Resolved file set for C:\Users\32491\Documents\Uni\MA2\Memoire\proto\queries\24\getBody.ql hashes to e6614f721918967dc57ac4bae7d36af0c2bca57c.
[2024-04-19 14:30:08] [DETAILS] execute queries> Checking QL for C:\Users\32491\Documents\Uni\MA2\Memoire\proto\queries\24\getBody.ql.
[2024-04-19 14:30:08] ExternalModuleBindingPass ...
[2024-04-19 14:30:08] ExternalModuleBindingPass time: 00:00.001
[2024-04-19 14:30:08] CollectInstantiationsPass ...
[2024-04-19 14:30:08] CollectInstantiationsPass time: 00:00.010
[2024-04-19 14:30:08] Ambiguity checks ...
[2024-04-19 14:30:08] Ambiguity checks time: 00:00.025
[2024-04-19 14:30:08] Ql checks ...
[2024-04-19 14:30:09] Ql checks time: 00:00.095
[2024-04-19 14:30:09] [ERROR] execute queries> ERROR: Could not resolve module java. There should probably be a qlpack.yml file declaring dependencies in C:\Users\32491\Documents\Uni\MA2\Memoire\proto\queries\24 or an enclosing directory. (C:\Users\32491\Documents\Uni\MA2\Memoire\proto\queries\24\getBody.ql:9,9-13)
[2024-04-19 14:30:09] [ERROR] execute queries> ERROR: Could not resolve type Method (C:\Users\32491\Documents\Uni\MA2\Memoire\proto\queries\24\getBody.ql:12,7-13)
[2024-04-19 14:30:09] Sequence stamp origin is -6194331508415173922
[2024-04-19 14:30:09] Pausing evaluation to close the cache at sequence stamp o+0
[2024-04-19 14:30:09] The disk cache is freshly trimmed; leave it be.
[2024-04-19 14:30:09] Unpausing evaluation
[2024-04-19 14:30:09] This NaiveBuddyAllocator requested 0 eviction rounds.
[2024-04-19 14:30:09] Exiting with code 2
