[2024-04-18 12:35:58] [javac-extractor-18096] Starting extraction for:
                                              sun.java.command=com.semmle.extractor.java.JavaExtractor --jdk-version -1 --javac-args @@@C:\Users\32491\Documents\Uni\MA2\Memoire\MuTEd\SUT\2048\java-database\log\ext\javac.args
                                              user.dir=C:\Users\32491\Documents\Uni\MA2\Memoire\MuTEd\SUT\2048
[2024-04-18 12:35:58] [javac-extractor-18096] Compilation name C:/Users/32491/Documents/Uni/MA2/Memoire/MuTEd/SUT/2048/java-database/trap/java/diagnostics/diagnostic.trap.gz
[2024-04-18 12:36:01] [javac-extractor-18096] Annotation processor class 'lombok.launch.AnnotationProcessorHider$AnnotationProcessor' initialized.
[2024-04-18 12:36:02] [javac-extractor-18096] Annotation processor class 'lombok.launch.AnnotationProcessorHider$ClaimingProcessor' initialized.
[2024-04-18 12:36:02] [javac-extractor-18096] Processing file C:\Users\32491\Documents\Uni\MA2\Memoire\MuTEd\SUT\2048\src\main\java\be\unamur\game2048\Game.java
[2024-04-18 12:36:24] [javac-extractor-18096] Processing JAR file: C:/Program Files (x86)/OpenLogic/jdk-8.0.402.06-hotspot/jre/lib/rt.jar
[2024-04-18 12:36:24] [javac-extractor-18096] Processing file C:\Users\32491\Documents\Uni\MA2\Memoire\MuTEd\SUT\2048\src\main\java\be\unamur\game2048\controllers\GameController.java
[2024-04-18 12:36:24] [javac-extractor-18096] [WARN] Not rewriting trap file for C:\Users\32491\Documents\Uni\MA2\Memoire\MuTEd\SUT\2048\java-database\trap\java\classes\be\unamur\game2048\models\GameState.members\GameState.members#0.0-1713359569220-java.trap.gz as it exists
[2024-04-18 12:36:24] [javac-extractor-18096] [WARN] Not rewriting trap file for C:\Users\32491\Documents\Uni\MA2\Memoire\MuTEd\SUT\2048\java-database\trap\java\classes\be\unamur\game2048\models\Grid.members\Grid.members#0.0-1713359569221-java.trap.gz as it exists
[2024-04-18 12:36:24] [javac-extractor-18096] [WARN] Not rewriting trap file for C:\Users\32491\Documents\Uni\MA2\Memoire\MuTEd\SUT\2048\java-database\trap\java\classes\be\unamur\game2048\models\Tile.members\Tile.members#0.0-1713368255521-java.trap.gz as it exists
[2024-04-18 12:36:24] [javac-extractor-18096] [WARN] Not rewriting trap file for C:\Users\32491\Documents\Uni\MA2\Memoire\MuTEd\SUT\2048\java-database\trap\java\classes\java\util\ArrayList.members\ArrayList.members#52.0-1706588038000-java.trap.gz as it exists
[2024-04-18 12:36:24] [javac-extractor-18096] [WARN] Not rewriting trap file for C:\Users\32491\Documents\Uni\MA2\Memoire\MuTEd\SUT\2048\java-database\trap\java\classes\java\util\List.members\List.members#52.0-1706587990000-java.trap.gz as it exists
[2024-04-18 12:36:24] [javac-extractor-18096] [WARN] Not rewriting trap file for C:\Users\32491\Documents\Uni\MA2\Memoire\MuTEd\SUT\2048\java-database\trap\java\classes\be\unamur\game2048\controllers\GameController.members\GameController.members#0.0-1713359569214-java.trap.gz as it exists
[2024-04-18 12:36:24] [javac-extractor-18096] [WARN] Not rewriting trap file for C:\Users\32491\Documents\Uni\MA2\Memoire\MuTEd\SUT\2048\java-database\trap\java\classes\java\lang\Object.members\Object.members#52.0-1706587980000-java.trap.gz as it exists
[2024-04-18 12:36:24] [javac-extractor-18096] [WARN] Not rewriting trap file for C:\Users\32491\Documents\Uni\MA2\Memoire\MuTEd\SUT\2048\java-database\trap\java\classes\java\lang\Cloneable.members\Cloneable.members#52.0-1706587990000-java.trap.gz as it exists
[2024-04-18 12:36:24] [javac-extractor-18096] [WARN] Not rewriting trap file for C:\Users\32491\Documents\Uni\MA2\Memoire\MuTEd\SUT\2048\java-database\trap\java\classes\java\io\Serializable.members\Serializable.members#52.0-1706587982000-java.trap.gz as it exists
[2024-04-18 12:36:24] [javac-extractor-18096] [WARN] Not rewriting trap file for C:\Users\32491\Documents\Uni\MA2\Memoire\MuTEd\SUT\2048\java-database\trap\java\classes\java\lang\Integer.members\Integer.members#52.0-1706587998000-java.trap.gz as it exists
[2024-04-18 12:36:24] [javac-extractor-18096] [WARN] Not rewriting trap file for C:\Users\32491\Documents\Uni\MA2\Memoire\MuTEd\SUT\2048\java-database\trap\java\classes\java\util\Collection.members\Collection.members#52.0-1706587990000-java.trap.gz as it exists
[2024-04-18 12:36:24] [javac-extractor-18096] [WARN] Not rewriting trap file for C:\Users\32491\Documents\Uni\MA2\Memoire\MuTEd\SUT\2048\java-database\trap\java\classes\java\lang\Iterable.members\Iterable.members#52.0-1706587990000-java.trap.gz as it exists
[2024-04-18 12:36:24] [javac-extractor-18096] [WARN] Not rewriting trap file for C:\Users\32491\Documents\Uni\MA2\Memoire\MuTEd\SUT\2048\java-database\trap\java\classes\java\util\AbstractList.members\AbstractList.members#52.0-1706588020000-java.trap.gz as it exists
[2024-04-18 12:36:24] [javac-extractor-18096] [WARN] Not rewriting trap file for C:\Users\32491\Documents\Uni\MA2\Memoire\MuTEd\SUT\2048\java-database\trap\java\classes\java\util\AbstractCollection.members\AbstractCollection.members#52.0-1706588020000-java.trap.gz as it exists
[2024-04-18 12:36:24] [javac-extractor-18096] [WARN] Not rewriting trap file for C:\Users\32491\Documents\Uni\MA2\Memoire\MuTEd\SUT\2048\java-database\trap\java\classes\java\util\RandomAccess.members\RandomAccess.members#52.0-1706588020000-java.trap.gz as it exists
[2024-04-18 12:36:24] [javac-extractor-18096] [WARN] Not rewriting trap file for C:\Users\32491\Documents\Uni\MA2\Memoire\MuTEd\SUT\2048\java-database\trap\java\classes\java\util\Spliterator.members\Spliterator.members#52.0-1706587998000-java.trap.gz as it exists
[2024-04-18 12:36:24] [javac-extractor-18096] [WARN] Not rewriting trap file for C:\Users\32491\Documents\Uni\MA2\Memoire\MuTEd\SUT\2048\java-database\trap\java\classes\java\util\function\Consumer.members\Consumer.members#52.0-1706588000000-java.trap.gz as it exists
[2024-04-18 12:36:24] [javac-extractor-18096] [WARN] Not rewriting trap file for C:\Users\32491\Documents\Uni\MA2\Memoire\MuTEd\SUT\2048\java-database\trap\java\classes\java\lang\FunctionalInterface.members\FunctionalInterface.members#52.0-1706587990000-java.trap.gz as it exists
[2024-04-18 12:36:24] [javac-extractor-18096] [WARN] Not rewriting trap file for C:\Users\32491\Documents\Uni\MA2\Memoire\MuTEd\SUT\2048\java-database\trap\java\classes\java\util\Iterator.members\Iterator.members#52.0-1706587998000-java.trap.gz as it exists
[2024-04-18 12:36:24] [javac-extractor-18096] [WARN] Not rewriting trap file for C:\Users\32491\Documents\Uni\MA2\Memoire\MuTEd\SUT\2048\java-database\trap\java\classes\java\util\stream\Stream.members\Stream.members#52.0-1706588000000-java.trap.gz as it exists
[2024-04-18 12:36:24] [javac-extractor-18096] [WARN] Not rewriting trap file for C:\Users\32491\Documents\Uni\MA2\Memoire\MuTEd\SUT\2048\java-database\trap\java\classes\java\util\stream\BaseStream.members\BaseStream.members#52.0-1706587998000-java.trap.gz as it exists
[2024-04-18 12:36:24] [javac-extractor-18096] [WARN] Not rewriting trap file for C:\Users\32491\Documents\Uni\MA2\Memoire\MuTEd\SUT\2048\java-database\trap\java\classes\java\lang\AutoCloseable.members\AutoCloseable.members#52.0-1706587982000-java.trap.gz as it exists
[2024-04-18 12:36:24] [javac-extractor-18096] [WARN] Not rewriting trap file for C:\Users\32491\Documents\Uni\MA2\Memoire\MuTEd\SUT\2048\java-database\trap\java\classes\java\util\function\Predicate.members\Predicate.members#52.0-1706588000000-java.trap.gz as it exists
[2024-04-18 12:36:24] [javac-extractor-18096] [WARN] Not rewriting trap file for C:\Users\32491\Documents\Uni\MA2\Memoire\MuTEd\SUT\2048\java-database\trap\java\classes\java\lang\String.members\String.members#52.0-1706587984000-java.trap.gz as it exists
[2024-04-18 12:36:24] [javac-extractor-18096] [WARN] Not rewriting trap file for C:\Users\32491\Documents\Uni\MA2\Memoire\MuTEd\SUT\2048\java-database\trap\java\classes\java\util\ListIterator.members\ListIterator.members#52.0-1706587998000-java.trap.gz as it exists
[2024-04-18 12:36:24] [javac-extractor-18096] [WARN] Not rewriting trap file for C:\Users\32491\Documents\Uni\MA2\Memoire\MuTEd\SUT\2048\java-database\trap\java\classes\java\util\Comparator.members\Comparator.members#52.0-1706587996000-java.trap.gz as it exists
[2024-04-18 12:36:24] [javac-extractor-18096] [WARN] Not rewriting trap file for C:\Users\32491\Documents\Uni\MA2\Memoire\MuTEd\SUT\2048\java-database\trap\java\classes\java\util\function\UnaryOperator.members\UnaryOperator.members#52.0-1706587998000-java.trap.gz as it exists
[2024-04-18 12:36:24] [javac-extractor-18096] [WARN] Not rewriting trap file for C:\Users\32491\Documents\Uni\MA2\Memoire\MuTEd\SUT\2048\java-database\trap\java\classes\java\util\function\Function.members\Function.members#52.0-1706587998000-java.trap.gz as it exists
[2024-04-18 12:36:24] [javac-extractor-18096] Processing file C:\Users\32491\Documents\Uni\MA2\Memoire\MuTEd\SUT\2048\src\main\java\be\unamur\game2048\models\Grid.java
[2024-04-18 12:36:24] [javac-extractor-18096] [WARN] Not rewriting trap file for C:\Users\32491\Documents\Uni\MA2\Memoire\MuTEd\SUT\2048\java-database\trap\java\classes\be\unamur\game2048\models\Grid.members\Grid.members#0.0-1713359569221-java.trap.gz as it exists
[2024-04-18 12:36:24] [javac-extractor-18096] [WARN] Not rewriting trap file for C:\Users\32491\Documents\Uni\MA2\Memoire\MuTEd\SUT\2048\java-database\trap\java\classes\be\unamur\game2048\models\Tile.members\Tile.members#0.0-1713368255521-java.trap.gz as it exists
[2024-04-18 12:36:24] [javac-extractor-18096] [WARN] Not rewriting trap file for C:\Users\32491\Documents\Uni\MA2\Memoire\MuTEd\SUT\2048\java-database\trap\java\classes\java\lang\Object.members\Object.members#52.0-1706587980000-java.trap.gz as it exists
[2024-04-18 12:36:24] [javac-extractor-18096] [WARN] Not rewriting trap file for C:\Users\32491\Documents\Uni\MA2\Memoire\MuTEd\SUT\2048\java-database\trap\java\classes\java\lang\Cloneable.members\Cloneable.members#52.0-1706587990000-java.trap.gz as it exists
[2024-04-18 12:36:24] [javac-extractor-18096] [WARN] Not rewriting trap file for C:\Users\32491\Documents\Uni\MA2\Memoire\MuTEd\SUT\2048\java-database\trap\java\classes\java\io\Serializable.members\Serializable.members#52.0-1706587982000-java.trap.gz as it exists
[2024-04-18 12:36:24] [javac-extractor-18096] [WARN] Not rewriting trap file for C:\Users\32491\Documents\Uni\MA2\Memoire\MuTEd\SUT\2048\java-database\trap\java\classes\be\unamur\game2048\models\GameParams.members\GameParams.members#0.0-1713359569219-java.trap.gz as it exists
[2024-04-18 12:36:24] [javac-extractor-18096] Processing file C:\Users\32491\Documents\Uni\MA2\Memoire\MuTEd\SUT\2048\src\main\java\be\unamur\game2048\models\GameState.java
[2024-04-18 12:36:24] [javac-extractor-18096] [WARN] Not rewriting trap file for C:\Users\32491\Documents\Uni\MA2\Memoire\MuTEd\SUT\2048\java-database\trap\java\classes\be\unamur\game2048\models\GameState.members\GameState.members#0.0-1713359569220-java.trap.gz as it exists
[2024-04-18 12:36:24] [javac-extractor-18096] [WARN] Not rewriting trap file for C:\Users\32491\Documents\Uni\MA2\Memoire\MuTEd\SUT\2048\java-database\trap\java\classes\java\lang\Enum.members\Enum.members#52.0-1706587998000-java.trap.gz as it exists
[2024-04-18 12:36:24] [javac-extractor-18096] [WARN] Not rewriting trap file for C:\Users\32491\Documents\Uni\MA2\Memoire\MuTEd\SUT\2048\java-database\trap\java\classes\java\lang\String.members\String.members#52.0-1706587984000-java.trap.gz as it exists
[2024-04-18 12:36:24] [javac-extractor-18096] Processing file C:\Users\32491\Documents\Uni\MA2\Memoire\MuTEd\SUT\2048\src\main\java\be\unamur\game2048\models\Tile.java
[2024-04-18 12:36:24] [javac-extractor-18096] [WARN] Not rewriting trap file for C:\Users\32491\Documents\Uni\MA2\Memoire\MuTEd\SUT\2048\java-database\trap\java\classes\be\unamur\game2048\models\Tile.members\Tile.members#0.0-1713368255521-java.trap.gz as it exists
[2024-04-18 12:36:24] [javac-extractor-18096] [WARN] Not rewriting trap file for C:\Users\32491\Documents\Uni\MA2\Memoire\MuTEd\SUT\2048\java-database\trap\java\classes\java\lang\Integer.members\Integer.members#52.0-1706587998000-java.trap.gz as it exists
[2024-04-18 12:36:24] [javac-extractor-18096] [WARN] Not rewriting trap file for C:\Users\32491\Documents\Uni\MA2\Memoire\MuTEd\SUT\2048\java-database\trap\java\classes\java\lang\Object.members\Object.members#52.0-1706587980000-java.trap.gz as it exists
[2024-04-18 12:36:24] [javac-extractor-18096] [WARN] Not rewriting trap file for C:\Users\32491\Documents\Uni\MA2\Memoire\MuTEd\SUT\2048\java-database\trap\java\classes\java\lang\String.members\String.members#52.0-1706587984000-java.trap.gz as it exists
[2024-04-18 12:36:24] [javac-extractor-18096] [WARN] Not rewriting trap file for C:\Users\32491\Documents\Uni\MA2\Memoire\MuTEd\SUT\2048\java-database\trap\java\classes\java\lang\Class.members\Class.members#52.0-1706587984000-java.trap.gz as it exists
[2024-04-18 12:36:24] [javac-extractor-18096] [WARN] Not rewriting trap file for C:\Users\32491\Documents\Uni\MA2\Memoire\MuTEd\SUT\2048\java-database\trap\java\classes\java\io\Serializable.members\Serializable.members#52.0-1706587982000-java.trap.gz as it exists
[2024-04-18 12:36:24] [javac-extractor-18096] [WARN] Not rewriting trap file for C:\Users\32491\Documents\Uni\MA2\Memoire\MuTEd\SUT\2048\java-database\trap\java\classes\java\lang\reflect\GenericDeclaration.members\GenericDeclaration.members#52.0-1706587982000-java.trap.gz as it exists
[2024-04-18 12:36:24] [javac-extractor-18096] [WARN] Not rewriting trap file for C:\Users\32491\Documents\Uni\MA2\Memoire\MuTEd\SUT\2048\java-database\trap\java\classes\java\lang\reflect\Type.members\Type.members#52.0-1706587984000-java.trap.gz as it exists
[2024-04-18 12:36:24] [javac-extractor-18096] [WARN] Not rewriting trap file for C:\Users\32491\Documents\Uni\MA2\Memoire\MuTEd\SUT\2048\java-database\trap\java\classes\java\lang\reflect\AnnotatedElement.members\AnnotatedElement.members#52.0-1706587982000-java.trap.gz as it exists
[2024-04-18 12:36:24] [javac-extractor-18096] Processing file C:\Users\32491\Documents\Uni\MA2\Memoire\MuTEd\SUT\2048\src\main\java\be\unamur\game2048\helpers\GridHelper.java
[2024-04-18 12:36:24] [javac-extractor-18096] [WARN] Not rewriting trap file for C:\Users\32491\Documents\Uni\MA2\Memoire\MuTEd\SUT\2048\java-database\trap\java\classes\be\unamur\game2048\models\Grid.members\Grid.members#0.0-1713359569221-java.trap.gz as it exists
[2024-04-18 12:36:24] [javac-extractor-18096] [WARN] Not rewriting trap file for C:\Users\32491\Documents\Uni\MA2\Memoire\MuTEd\SUT\2048\java-database\trap\java\classes\be\unamur\game2048\models\Tile.members\Tile.members#0.0-1713368255521-java.trap.gz as it exists
[2024-04-18 12:36:24] [javac-extractor-18096] [WARN] Not rewriting trap file for C:\Users\32491\Documents\Uni\MA2\Memoire\MuTEd\SUT\2048\java-database\trap\java\classes\java\lang\Integer.members\Integer.members#52.0-1706587998000-java.trap.gz as it exists
[2024-04-18 12:36:24] [javac-extractor-18096] [WARN] Not rewriting trap file for C:\Users\32491\Documents\Uni\MA2\Memoire\MuTEd\SUT\2048\java-database\trap\java\classes\java\lang\Object.members\Object.members#52.0-1706587980000-java.trap.gz as it exists
[2024-04-18 12:36:24] [javac-extractor-18096] [WARN] Not rewriting trap file for C:\Users\32491\Documents\Uni\MA2\Memoire\MuTEd\SUT\2048\java-database\trap\java\classes\java\lang\Cloneable.members\Cloneable.members#52.0-1706587990000-java.trap.gz as it exists
[2024-04-18 12:36:24] [javac-extractor-18096] [WARN] Not rewriting trap file for C:\Users\32491\Documents\Uni\MA2\Memoire\MuTEd\SUT\2048\java-database\trap\java\classes\java\io\Serializable.members\Serializable.members#52.0-1706587982000-java.trap.gz as it exists
[2024-04-18 12:36:24] [javac-extractor-18096] [WARN] Not rewriting trap file for C:\Users\32491\Documents\Uni\MA2\Memoire\MuTEd\SUT\2048\java-database\trap\java\classes\java\util\stream\Stream.members\Stream.members#52.0-1706588000000-java.trap.gz as it exists
[2024-04-18 12:36:24] [javac-extractor-18096] [WARN] Not rewriting trap file for C:\Users\32491\Documents\Uni\MA2\Memoire\MuTEd\SUT\2048\java-database\trap\java\classes\java\util\stream\BaseStream.members\BaseStream.members#52.0-1706587998000-java.trap.gz as it exists
[2024-04-18 12:36:24] [javac-extractor-18096] [WARN] Not rewriting trap file for C:\Users\32491\Documents\Uni\MA2\Memoire\MuTEd\SUT\2048\java-database\trap\java\classes\java\lang\AutoCloseable.members\AutoCloseable.members#52.0-1706587982000-java.trap.gz as it exists
[2024-04-18 12:36:24] [javac-extractor-18096] [WARN] Not rewriting trap file for C:\Users\32491\Documents\Uni\MA2\Memoire\MuTEd\SUT\2048\java-database\trap\java\classes\java\lang\Runnable.members\Runnable.members#52.0-1706587990000-java.trap.gz as it exists
[2024-04-18 12:36:24] [javac-extractor-18096] [WARN] Not rewriting trap file for C:\Users\32491\Documents\Uni\MA2\Memoire\MuTEd\SUT\2048\java-database\trap\java\classes\java\util\Spliterator.members\Spliterator.members#52.0-1706587998000-java.trap.gz as it exists
[2024-04-18 12:36:24] [javac-extractor-18096] [WARN] Not rewriting trap file for C:\Users\32491\Documents\Uni\MA2\Memoire\MuTEd\SUT\2048\java-database\trap\java\classes\java\util\Iterator.members\Iterator.members#52.0-1706587998000-java.trap.gz as it exists
[2024-04-18 12:36:24] [javac-extractor-18096] [WARN] Not rewriting trap file for C:\Users\32491\Documents\Uni\MA2\Memoire\MuTEd\SUT\2048\java-database\trap\java\classes\java\util\function\Supplier.members\Supplier.members#52.0-1706588020000-java.trap.gz as it exists
[2024-04-18 12:36:24] [javac-extractor-18096] [WARN] Not rewriting trap file for C:\Users\32491\Documents\Uni\MA2\Memoire\MuTEd\SUT\2048\java-database\trap\java\classes\java\lang\FunctionalInterface.members\FunctionalInterface.members#52.0-1706587990000-java.trap.gz as it exists
[2024-04-18 12:36:24] [javac-extractor-18096] [WARN] Not rewriting trap file for C:\Users\32491\Documents\Uni\MA2\Memoire\MuTEd\SUT\2048\java-database\trap\java\classes\java\util\function\UnaryOperator.members\UnaryOperator.members#52.0-1706587998000-java.trap.gz as it exists
[2024-04-18 12:36:24] [javac-extractor-18096] [WARN] Not rewriting trap file for C:\Users\32491\Documents\Uni\MA2\Memoire\MuTEd\SUT\2048\java-database\trap\java\classes\java\util\function\Function.members\Function.members#52.0-1706587998000-java.trap.gz as it exists
[2024-04-18 12:36:24] [javac-extractor-18096] [WARN] Not rewriting trap file for C:\Users\32491\Documents\Uni\MA2\Memoire\MuTEd\SUT\2048\java-database\trap\java\classes\java\util\stream\Stream$Builder.members\Stream$Builder.members#52.0-1706588000000-java.trap.gz as it exists
[2024-04-18 12:36:24] [javac-extractor-18096] [WARN] Not rewriting trap file for C:\Users\32491\Documents\Uni\MA2\Memoire\MuTEd\SUT\2048\java-database\trap\java\classes\java\util\function\Consumer.members\Consumer.members#52.0-1706588000000-java.trap.gz as it exists
[2024-04-18 12:36:24] [javac-extractor-18096] [WARN] Not rewriting trap file for C:\Users\32491\Documents\Uni\MA2\Memoire\MuTEd\SUT\2048\java-database\trap\java\classes\java\util\Optional.members\Optional.members#52.0-1706588028000-java.trap.gz as it exists
[2024-04-18 12:36:24] [javac-extractor-18096] [WARN] Not rewriting trap file for C:\Users\32491\Documents\Uni\MA2\Memoire\MuTEd\SUT\2048\java-database\trap\java\classes\java\util\function\Predicate.members\Predicate.members#52.0-1706588000000-java.trap.gz as it exists
[2024-04-18 12:36:24] [javac-extractor-18096] [WARN] Not rewriting trap file for C:\Users\32491\Documents\Uni\MA2\Memoire\MuTEd\SUT\2048\java-database\trap\java\classes\java\util\Comparator.members\Comparator.members#52.0-1706587996000-java.trap.gz as it exists
[2024-04-18 12:36:24] [javac-extractor-18096] [WARN] Not rewriting trap file for C:\Users\32491\Documents\Uni\MA2\Memoire\MuTEd\SUT\2048\java-database\trap\java\classes\java\util\stream\Collector.members\Collector.members#52.0-1706588028000-java.trap.gz as it exists
[2024-04-18 12:36:24] [javac-extractor-18096] [WARN] Not rewriting trap file for C:\Users\32491\Documents\Uni\MA2\Memoire\MuTEd\SUT\2048\java-database\trap\java\classes\java\util\function\BiConsumer.members\BiConsumer.members#52.0-1706587998000-java.trap.gz as it exists
[2024-04-18 12:36:24] [javac-extractor-18096] [WARN] Not rewriting trap file for C:\Users\32491\Documents\Uni\MA2\Memoire\MuTEd\SUT\2048\java-database\trap\java\classes\java\util\function\BiFunction.members\BiFunction.members#52.0-1706587998000-java.trap.gz as it exists
[2024-04-18 12:36:24] [javac-extractor-18096] [WARN] Not rewriting trap file for C:\Users\32491\Documents\Uni\MA2\Memoire\MuTEd\SUT\2048\java-database\trap\java\classes\java\util\function\BinaryOperator.members\BinaryOperator.members#52.0-1706588028000-java.trap.gz as it exists
[2024-04-18 12:36:24] [javac-extractor-18096] [WARN] Not rewriting trap file for C:\Users\32491\Documents\Uni\MA2\Memoire\MuTEd\SUT\2048\java-database\trap\java\classes\java\util\function\IntFunction.members\IntFunction.members#52.0-1706588020000-java.trap.gz as it exists
[2024-04-18 12:36:24] [javac-extractor-18096] [WARN] Not rewriting trap file for C:\Users\32491\Documents\Uni\MA2\Memoire\MuTEd\SUT\2048\java-database\trap\java\classes\java\util\stream\DoubleStream.members\DoubleStream.members#52.0-1706588020000-java.trap.gz as it exists
[2024-04-18 12:36:24] [javac-extractor-18096] [WARN] Not rewriting trap file for C:\Users\32491\Documents\Uni\MA2\Memoire\MuTEd\SUT\2048\java-database\trap\java\classes\java\util\stream\LongStream.members\LongStream.members#52.0-1706588020000-java.trap.gz as it exists
[2024-04-18 12:36:24] [javac-extractor-18096] [WARN] Not rewriting trap file for C:\Users\32491\Documents\Uni\MA2\Memoire\MuTEd\SUT\2048\java-database\trap\java\classes\java\util\stream\IntStream.members\IntStream.members#52.0-1706587998000-java.trap.gz as it exists
[2024-04-18 12:36:24] [javac-extractor-18096] [WARN] Not rewriting trap file for C:\Users\32491\Documents\Uni\MA2\Memoire\MuTEd\SUT\2048\java-database\trap\java\classes\java\util\function\ToDoubleFunction.members\ToDoubleFunction.members#52.0-1706588020000-java.trap.gz as it exists
[2024-04-18 12:36:24] [javac-extractor-18096] [WARN] Not rewriting trap file for C:\Users\32491\Documents\Uni\MA2\Memoire\MuTEd\SUT\2048\java-database\trap\java\classes\java\util\function\ToLongFunction.members\ToLongFunction.members#52.0-1706588020000-java.trap.gz as it exists
[2024-04-18 12:36:24] [javac-extractor-18096] [WARN] Not rewriting trap file for C:\Users\32491\Documents\Uni\MA2\Memoire\MuTEd\SUT\2048\java-database\trap\java\classes\java\util\function\ToIntFunction.members\ToIntFunction.members#52.0-1706588020000-java.trap.gz as it exists
[2024-04-18 12:36:24] [javac-extractor-18096] [WARN] Not rewriting trap file for C:\Users\32491\Documents\Uni\MA2\Memoire\MuTEd\SUT\2048\java-database\trap\java\classes\java\util\Spliterator$OfDouble.members\Spliterator$OfDouble.members#52.0-1706587998000-java.trap.gz as it exists
[2024-04-18 12:36:24] [javac-extractor-18096] [WARN] Not rewriting trap file for C:\Users\32491\Documents\Uni\MA2\Memoire\MuTEd\SUT\2048\java-database\trap\java\classes\java\util\Spliterator$OfLong.members\Spliterator$OfLong.members#52.0-1706587998000-java.trap.gz as it exists
[2024-04-18 12:36:24] [javac-extractor-18096] [WARN] Not rewriting trap file for C:\Users\32491\Documents\Uni\MA2\Memoire\MuTEd\SUT\2048\java-database\trap\java\classes\java\util\Spliterator$OfInt.members\Spliterator$OfInt.members#52.0-1706587998000-java.trap.gz as it exists
[2024-04-18 12:36:24] [javac-extractor-18096] [WARN] Not rewriting trap file for C:\Users\32491\Documents\Uni\MA2\Memoire\MuTEd\SUT\2048\java-database\trap\java\classes\java\util\function\IntToDoubleFunction.members\IntToDoubleFunction.members#52.0-1706588020000-java.trap.gz as it exists
[2024-04-18 12:36:24] [javac-extractor-18096] [WARN] Not rewriting trap file for C:\Users\32491\Documents\Uni\MA2\Memoire\MuTEd\SUT\2048\java-database\trap\java\classes\java\util\function\IntToLongFunction.members\IntToLongFunction.members#52.0-1706588020000-java.trap.gz as it exists
[2024-04-18 12:36:24] [javac-extractor-18096] [WARN] Not rewriting trap file for C:\Users\32491\Documents\Uni\MA2\Memoire\MuTEd\SUT\2048\java-database\trap\java\classes\java\util\function\IntUnaryOperator.members\IntUnaryOperator.members#52.0-1706588020000-java.trap.gz as it exists
[2024-04-18 12:36:24] [javac-extractor-18096] [WARN] Not rewriting trap file for C:\Users\32491\Documents\Uni\MA2\Memoire\MuTEd\SUT\2048\java-database\trap\java\classes\java\lang\String.members\String.members#52.0-1706587984000-java.trap.gz as it exists
[2024-04-18 12:36:24] [javac-extractor-18096] [WARN] Not rewriting trap file for C:\Users\32491\Documents\Uni\MA2\Memoire\MuTEd\SUT\2048\java-database\trap\java\classes\java\util\List.members\List.members#52.0-1706587990000-java.trap.gz as it exists
[2024-04-18 12:36:24] [javac-extractor-18096] [WARN] Not rewriting trap file for C:\Users\32491\Documents\Uni\MA2\Memoire\MuTEd\SUT\2048\java-database\trap\java\classes\java\util\Collection.members\Collection.members#52.0-1706587990000-java.trap.gz as it exists
[2024-04-18 12:36:24] [javac-extractor-18096] [WARN] Not rewriting trap file for C:\Users\32491\Documents\Uni\MA2\Memoire\MuTEd\SUT\2048\java-database\trap\java\classes\java\lang\Iterable.members\Iterable.members#52.0-1706587990000-java.trap.gz as it exists
[2024-04-18 12:36:24] [javac-extractor-18096] [WARN] Not rewriting trap file for C:\Users\32491\Documents\Uni\MA2\Memoire\MuTEd\SUT\2048\java-database\trap\java\classes\java\lang\SafeVarargs.members\SafeVarargs.members#52.0-1706588142000-java.trap.gz as it exists
[2024-04-18 12:36:24] [javac-extractor-18096] [WARN] Not rewriting trap file for C:\Users\32491\Documents\Uni\MA2\Memoire\MuTEd\SUT\2048\java-database\trap\java\classes\java\lang\Class.members\Class.members#52.0-1706587984000-java.trap.gz as it exists
[2024-04-18 12:36:24] [javac-extractor-18096] [WARN] Not rewriting trap file for C:\Users\32491\Documents\Uni\MA2\Memoire\MuTEd\SUT\2048\java-database\trap\java\classes\java\lang\reflect\GenericDeclaration.members\GenericDeclaration.members#52.0-1706587982000-java.trap.gz as it exists
[2024-04-18 12:36:24] [javac-extractor-18096] [WARN] Not rewriting trap file for C:\Users\32491\Documents\Uni\MA2\Memoire\MuTEd\SUT\2048\java-database\trap\java\classes\java\lang\reflect\Type.members\Type.members#52.0-1706587984000-java.trap.gz as it exists
[2024-04-18 12:36:24] [javac-extractor-18096] [WARN] Not rewriting trap file for C:\Users\32491\Documents\Uni\MA2\Memoire\MuTEd\SUT\2048\java-database\trap\java\classes\java\lang\reflect\AnnotatedElement.members\AnnotatedElement.members#52.0-1706587982000-java.trap.gz as it exists
[2024-04-18 12:36:24] [javac-extractor-18096] [WARN] Not rewriting trap file for C:\Users\32491\Documents\Uni\MA2\Memoire\MuTEd\SUT\2048\java-database\trap\java\classes\java\util\function\IntBinaryOperator.members\IntBinaryOperator.members#52.0-1706588020000-java.trap.gz as it exists
[2024-04-18 12:36:24] [javac-extractor-18096] [WARN] Not rewriting trap file for C:\Users\32491\Documents\Uni\MA2\Memoire\MuTEd\SUT\2048\java-database\trap\java\classes\java\util\function\DoubleBinaryOperator.members\DoubleBinaryOperator.members#52.0-1706588036000-java.trap.gz as it exists
[2024-04-18 12:36:24] [javac-extractor-18096] [WARN] Not rewriting trap file for C:\Users\32491\Documents\Uni\MA2\Memoire\MuTEd\SUT\2048\java-database\trap\java\classes\java\util\function\LongBinaryOperator.members\LongBinaryOperator.members#52.0-1706588036000-java.trap.gz as it exists
[2024-04-18 12:36:24] [javac-extractor-18096] [WARN] Not rewriting trap file for C:\Users\32491\Documents\Uni\MA2\Memoire\MuTEd\SUT\2048\java-database\trap\java\classes\java\lang\Comparable.members\Comparable.members#52.0-1706587984000-java.trap.gz as it exists
[2024-04-18 12:36:24] [javac-extractor-18096] Processing file C:\Users\32491\Documents\Uni\MA2\Memoire\MuTEd\SUT\2048\src\main\java\be\unamur\game2048\models\GameParams.java
[2024-04-18 12:36:24] [javac-extractor-18096] [WARN] Not rewriting trap file for C:\Users\32491\Documents\Uni\MA2\Memoire\MuTEd\SUT\2048\java-database\trap\java\classes\be\unamur\game2048\models\GameParams.members\GameParams.members#0.0-1713359569219-java.trap.gz as it exists
[2024-04-18 12:36:24] [javac-extractor-18096] [WARN] Not rewriting trap file for C:\Users\32491\Documents\Uni\MA2\Memoire\MuTEd\SUT\2048\java-database\trap\java\classes\java\lang\Object.members\Object.members#52.0-1706587980000-java.trap.gz as it exists
[2024-04-18 12:36:24] [javac-extractor-18096] Processing file C:\Users\32491\Documents\Uni\MA2\Memoire\MuTEd\SUT\2048\src\main\java\be\unamur\game2048\views\ColorPalette.java
[2024-04-18 12:36:24] [javac-extractor-18096] [WARN] Not rewriting trap file for C:\Users\32491\Documents\Uni\MA2\Memoire\MuTEd\SUT\2048\java-database\trap\java\classes\java\awt\Color.members\Color.members#52.0-1706588072000-java.trap.gz as it exists
[2024-04-18 12:36:24] [javac-extractor-18096] [WARN] Not rewriting trap file for C:\Users\32491\Documents\Uni\MA2\Memoire\MuTEd\SUT\2048\java-database\trap\java\classes\java\lang\Object.members\Object.members#52.0-1706587980000-java.trap.gz as it exists
[2024-04-18 12:36:24] [javac-extractor-18096] [WARN] Not rewriting trap file for C:\Users\32491\Documents\Uni\MA2\Memoire\MuTEd\SUT\2048\java-database\trap\java\classes\java\lang\Cloneable.members\Cloneable.members#52.0-1706587990000-java.trap.gz as it exists
[2024-04-18 12:36:24] [javac-extractor-18096] [WARN] Not rewriting trap file for C:\Users\32491\Documents\Uni\MA2\Memoire\MuTEd\SUT\2048\java-database\trap\java\classes\java\io\Serializable.members\Serializable.members#52.0-1706587982000-java.trap.gz as it exists
[2024-04-18 12:36:25] [javac-extractor-18096] Processing file C:\Users\32491\Documents\Uni\MA2\Memoire\MuTEd\SUT\2048\src\main\java\be\unamur\game2048\views\GamePanel.java
[2024-04-18 12:36:25] [javac-extractor-18096] [WARN] Not rewriting trap file for C:\Users\32491\Documents\Uni\MA2\Memoire\MuTEd\SUT\2048\java-database\trap\java\classes\be\unamur\game2048\controllers\GameController.members\GameController.members#0.0-1713359569214-java.trap.gz as it exists
[2024-04-18 12:36:25] [javac-extractor-18096] [WARN] Not rewriting trap file for C:\Users\32491\Documents\Uni\MA2\Memoire\MuTEd\SUT\2048\java-database\trap\java\classes\be\unamur\game2048\models\GameParams.members\GameParams.members#0.0-1713359569219-java.trap.gz as it exists
[2024-04-18 12:36:25] [javac-extractor-18096] [WARN] Not rewriting trap file for C:\Users\32491\Documents\Uni\MA2\Memoire\MuTEd\SUT\2048\java-database\trap\java\classes\be\unamur\game2048\models\GameState.members\GameState.members#0.0-1713359569220-java.trap.gz as it exists
[2024-04-18 12:36:25] [javac-extractor-18096] [WARN] Not rewriting trap file for C:\Users\32491\Documents\Uni\MA2\Memoire\MuTEd\SUT\2048\java-database\trap\java\classes\java\awt\event\KeyEvent.members\KeyEvent.members#52.0-1706588072000-java.trap.gz as it exists
[2024-04-18 12:36:25] [javac-extractor-18096] [WARN] Not rewriting trap file for C:\Users\32491\Documents\Uni\MA2\Memoire\MuTEd\SUT\2048\java-database\trap\java\classes\java\awt\event\MouseEvent.members\MouseEvent.members#52.0-1706588072000-java.trap.gz as it exists
[2024-04-18 12:36:25] [javac-extractor-18096] [WARN] Not rewriting trap file for C:\Users\32491\Documents\Uni\MA2\Memoire\MuTEd\SUT\2048\java-database\trap\java\classes\be\unamur\game2048\views\GamePanel.members\GamePanel.members#0.0-1713359569228-java.trap.gz as it exists
[2024-04-18 12:36:25] [javac-extractor-18096] [WARN] Not rewriting trap file for C:\Users\32491\Documents\Uni\MA2\Memoire\MuTEd\SUT\2048\java-database\trap\java\classes\java\awt\Graphics2D.members\Graphics2D.members#52.0-1706588094000-java.trap.gz as it exists
[2024-04-18 12:36:25] [javac-extractor-18096] [WARN] Not rewriting trap file for C:\Users\32491\Documents\Uni\MA2\Memoire\MuTEd\SUT\2048\java-database\trap\java\classes\javax\swing\JPanel.members\JPanel.members#52.0-1706588114000-java.trap.gz as it exists
[2024-04-18 12:36:25] [javac-extractor-18096] [WARN] Not rewriting trap file for C:\Users\32491\Documents\Uni\MA2\Memoire\MuTEd\SUT\2048\java-database\trap\java\classes\javax\swing\JComponent.members\JComponent.members#52.0-1706588108000-java.trap.gz as it exists
[2024-04-18 12:36:25] [javac-extractor-18096] [WARN] Not rewriting trap file for C:\Users\32491\Documents\Uni\MA2\Memoire\MuTEd\SUT\2048\java-database\trap\java\classes\java\awt\Dimension.members\Dimension.members#52.0-1706588070000-java.trap.gz as it exists
[2024-04-18 12:36:25] [javac-extractor-18096] [WARN] Not rewriting trap file for C:\Users\32491\Documents\Uni\MA2\Memoire\MuTEd\SUT\2048\java-database\trap\java\classes\java\awt\Color.members\Color.members#52.0-1706588072000-java.trap.gz as it exists
[2024-04-18 12:36:25] [javac-extractor-18096] [WARN] Not rewriting trap file for C:\Users\32491\Documents\Uni\MA2\Memoire\MuTEd\SUT\2048\java-database\trap\java\classes\be\unamur\game2048\views\ColorPalette.members\ColorPalette.members#0.0-1713359569226-java.trap.gz as it exists
[2024-04-18 12:36:25] [javac-extractor-18096] [WARN] Not rewriting trap file for C:\Users\32491\Documents\Uni\MA2\Memoire\MuTEd\SUT\2048\java-database\trap\java\classes\java\awt\Font.members\Font.members#52.0-1706588086000-java.trap.gz as it exists
[2024-04-18 12:36:25] [javac-extractor-18096] [WARN] Not rewriting trap file for C:\Users\32491\Documents\Uni\MA2\Memoire\MuTEd\SUT\2048\java-database\trap\java\classes\java\lang\String.members\String.members#52.0-1706587984000-java.trap.gz as it exists
[2024-04-18 12:36:25] [javac-extractor-18096] [WARN] Not rewriting trap file for C:\Users\32491\Documents\Uni\MA2\Memoire\MuTEd\SUT\2048\java-database\trap\java\classes\java\awt\Component.members\Component.members#52.0-1706588070000-java.trap.gz as it exists
[2024-04-18 12:36:25] [javac-extractor-18096] [WARN] Not rewriting trap file for C:\Users\32491\Documents\Uni\MA2\Memoire\MuTEd\SUT\2048\java-database\trap\java\classes\java\awt\event\MouseListener.members\MouseListener.members#52.0-1706588086000-java.trap.gz as it exists
[2024-04-18 12:36:25] [javac-extractor-18096] [WARN] Not rewriting trap file for C:\Users\32491\Documents\Uni\MA2\Memoire\MuTEd\SUT\2048\java-database\trap\java\classes\java\awt\event\KeyListener.members\KeyListener.members#52.0-1706588086000-java.trap.gz as it exists
[2024-04-18 12:36:25] [javac-extractor-18096] [WARN] Not rewriting trap file for C:\Users\32491\Documents\Uni\MA2\Memoire\MuTEd\SUT\2048\java-database\trap\java\classes\java\awt\Graphics.members\Graphics.members#52.0-1706588072000-java.trap.gz as it exists
[2024-04-18 12:36:25] [javac-extractor-18096] [WARN] Not rewriting trap file for C:\Users\32491\Documents\Uni\MA2\Memoire\MuTEd\SUT\2048\java-database\trap\java\classes\java\lang\Override.members\Override.members#52.0-1706588142000-java.trap.gz as it exists
[2024-04-18 12:36:25] [javac-extractor-18096] [WARN] Not rewriting trap file for C:\Users\32491\Documents\Uni\MA2\Memoire\MuTEd\SUT\2048\java-database\trap\java\classes\java\awt\RenderingHints$Key.members\RenderingHints$Key.members#52.0-1706588088000-java.trap.gz as it exists
[2024-04-18 12:36:25] [javac-extractor-18096] [WARN] Not rewriting trap file for C:\Users\32491\Documents\Uni\MA2\Memoire\MuTEd\SUT\2048\java-database\trap\java\classes\java\lang\Object.members\Object.members#52.0-1706587980000-java.trap.gz as it exists
[2024-04-18 12:36:25] [javac-extractor-18096] [WARN] Not rewriting trap file for C:\Users\32491\Documents\Uni\MA2\Memoire\MuTEd\SUT\2048\java-database\trap\java\classes\java\awt\RenderingHints.members\RenderingHints.members#52.0-1706588088000-java.trap.gz as it exists
[2024-04-18 12:36:25] [javac-extractor-18096] [WARN] Not rewriting trap file for C:\Users\32491\Documents\Uni\MA2\Memoire\MuTEd\SUT\2048\java-database\trap\java\classes\be\unamur\game2048\models\Tile.members\Tile.members#0.0-1713368255521-java.trap.gz as it exists
[2024-04-18 12:36:25] [javac-extractor-18096] [WARN] Not rewriting trap file for C:\Users\32491\Documents\Uni\MA2\Memoire\MuTEd\SUT\2048\java-database\trap\java\classes\be\unamur\game2048\models\Grid.members\Grid.members#0.0-1713359569221-java.trap.gz as it exists
[2024-04-18 12:36:25] [javac-extractor-18096] [WARN] Not rewriting trap file for C:\Users\32491\Documents\Uni\MA2\Memoire\MuTEd\SUT\2048\java-database\trap\java\classes\java\lang\Math.members\Math.members#52.0-1706588088000-java.trap.gz as it exists
[2024-04-18 12:36:25] [javac-extractor-18096] [WARN] Not rewriting trap file for C:\Users\32491\Documents\Uni\MA2\Memoire\MuTEd\SUT\2048\java-database\trap\java\classes\java\awt\FontMetrics.members\FontMetrics.members#52.0-1706588086000-java.trap.gz as it exists
[2024-04-18 12:36:25] [javac-extractor-18096] [WARN] Not rewriting trap file for C:\Users\32491\Documents\Uni\MA2\Memoire\MuTEd\SUT\2048\java-database\trap\java\classes\java\lang\Cloneable.members\Cloneable.members#52.0-1706587990000-java.trap.gz as it exists
[2024-04-18 12:36:25] [javac-extractor-18096] [WARN] Not rewriting trap file for C:\Users\32491\Documents\Uni\MA2\Memoire\MuTEd\SUT\2048\java-database\trap\java\classes\java\io\Serializable.members\Serializable.members#52.0-1706587982000-java.trap.gz as it exists
[2024-04-18 12:36:25] [javac-extractor-18096] [WARN] Not rewriting trap file for C:\Users\32491\Documents\Uni\MA2\Memoire\MuTEd\SUT\2048\java-database\trap\java\classes\java\awt\event\MouseWheelListener.members\MouseWheelListener.members#52.0-1706588086000-java.trap.gz as it exists
[2024-04-18 12:36:25] [javac-extractor-18096] [WARN] Not rewriting trap file for C:\Users\32491\Documents\Uni\MA2\Memoire\MuTEd\SUT\2048\java-database\trap\java\classes\java\awt\event\MouseMotionListener.members\MouseMotionListener.members#52.0-1706588086000-java.trap.gz as it exists
[2024-04-18 12:36:25] [javac-extractor-18096] [WARN] Not rewriting trap file for C:\Users\32491\Documents\Uni\MA2\Memoire\MuTEd\SUT\2048\java-database\trap\java\classes\java\awt\event\MouseWheelEvent.members\MouseWheelEvent.members#52.0-1706588072000-java.trap.gz as it exists
[2024-04-18 12:36:25] [javac-extractor-18096] Javac init time: 3.3s
[2024-04-18 12:36:25] [javac-extractor-18096] Javac attr time: 0.3s
[2024-04-18 12:36:25] [javac-extractor-18096] Extractor time: 22.8s
[2024-04-18 12:36:25] [javac-extractor-18096] Other time: 0.7s
[2024-04-18 12:36:25] [javac-extractor-18096] Total time: 27.1s
